!SESSION 2017-01-17 11:53:58.503 -----------------------------------------------
eclipse.buildId=unknown
java.version=1.8.0_77
java.vendor=Oracle Corporation
BootLoader constants: OS=win32, ARCH=x86_64, WS=win32, NL=pt_BR
Command-line arguments:  -os win32 -ws win32 -arch x86_64

!ENTRY org.eclipse.egit.ui 2 0 2017-01-17 11:54:58.853
!MESSAGE Warning: The environment variable HOME is not set. The following directory will be used to store the Git
user global configuration and to define the default location to store repositories: 'C:\Users\Lucas Felipe Alves'. If this is
not correct please set the HOME environment variable and restart Eclipse. Otherwise Git for Windows and
EGit might behave differently since they see different configuration options.
This warning can be switched off on the Team > Git > Confirmations and Warnings preference page.

!ENTRY org.brainwy.liclipsetext.shared_core 4 4 2017-01-17 11:55:14.853
!MESSAGE C:\Program Files\Brainwy\LiClipse 3.3.0\plugins\com.brainwy.liclipse.editor_3.3.0.201611281405\etc\5yz4x6m18oij9anbul5v4g4b9 (O sistema não pode encontrar o caminho especificado)
!STACK 0
java.io.FileNotFoundException: C:\Program Files\Brainwy\LiClipse 3.3.0\plugins\com.brainwy.liclipse.editor_3.3.0.201611281405\etc\5yz4x6m18oij9anbul5v4g4b9 (O sistema não pode encontrar o caminho especificado)
	at java.io.FileOutputStream.open0(Native Method)
	at java.io.FileOutputStream.open(FileOutputStream.java:270)
	at java.io.FileOutputStream.<init>(FileOutputStream.java:213)
	at java.io.FileOutputStream.<init>(FileOutputStream.java:162)
	at org.brainwy.liclipsetext.shared_core.io.FileUtils.writeBytesToFile(FileUtils.java:140)
	at org.brainwy.liclipsetext.shared_core.io.FileUtils.writeStrToFile(FileUtils.java:133)
	at com.brainwy.liclipse.editor.lic.CheckRegistered.run(CheckRegistered.java:145)
!SESSION 2017-01-17 11:55:23.178 -----------------------------------------------
eclipse.buildId=unknown
java.version=1.8.0_77
java.vendor=Oracle Corporation
BootLoader constants: OS=win32, ARCH=x86_64, WS=win32, NL=pt_BR
Command-line arguments:  -os win32 -ws win32 -arch x86_64

!ENTRY org.eclipse.egit.ui 2 0 2017-01-17 11:55:38.711
!MESSAGE Warning: The environment variable HOME is not set. The following directory will be used to store the Git
user global configuration and to define the default location to store repositories: 'C:\Users\Lucas Felipe Alves'. If this is
not correct please set the HOME environment variable and restart Eclipse. Otherwise Git for Windows and
EGit might behave differently since they see different configuration options.
This warning can be switched off on the Team > Git > Confirmations and Warnings preference page.

!ENTRY org.brainwy.liclipsetext.shared_core 4 4 2017-01-17 11:55:41.160
!MESSAGE C:\Program Files\Brainwy\LiClipse 3.3.0\plugins\com.brainwy.liclipse.editor_3.3.0.201611281405\etc\5yz4x6m18oij9anbul5v4g4b9 (O sistema não pode encontrar o caminho especificado)
!STACK 0
java.io.FileNotFoundException: C:\Program Files\Brainwy\LiClipse 3.3.0\plugins\com.brainwy.liclipse.editor_3.3.0.201611281405\etc\5yz4x6m18oij9anbul5v4g4b9 (O sistema não pode encontrar o caminho especificado)
	at java.io.FileOutputStream.open0(Native Method)
	at java.io.FileOutputStream.open(FileOutputStream.java:270)
	at java.io.FileOutputStream.<init>(FileOutputStream.java:213)
	at java.io.FileOutputStream.<init>(FileOutputStream.java:162)
	at org.brainwy.liclipsetext.shared_core.io.FileUtils.writeBytesToFile(FileUtils.java:140)
	at org.brainwy.liclipsetext.shared_core.io.FileUtils.writeStrToFile(FileUtils.java:133)
	at com.brainwy.liclipse.editor.lic.CheckRegistered.run(CheckRegistered.java:145)

!ENTRY org.python.pydev.shared_core 1 1 2017-01-17 12:04:34.289
!MESSAGE - Ok, file is non-null. Getting info on:C:\Users\Lucas Felipe Alves\AppData\Local\Programs\Python\Python36-32\python.exe
- Beggining task:Getting libs totalWork:100
- Setting task name:Mounting executable string...
- Setting task name:Executing:  "C:\Users\Lucas Felipe Alves\AppData\Local\Programs\Python\Python36-32\python.exe" -u "C:\Program Files\Brainwy\LiClipse 3.3.0\plugins\org.python.pydev_5.4.0.201611281405\pysrc\interpreterInfo.py"
- Setting task name:Making pythonpath environment... "C:\Users\Lucas Felipe Alves\AppData\Local\Programs\Python\Python36-32\python.exe" -u "C:\Program Files\Brainwy\LiClipse 3.3.0\plugins\org.python.pydev_5.4.0.201611281405\pysrc\interpreterInfo.py"
- Setting task name:Making exec... "C:\Users\Lucas Felipe Alves\AppData\Local\Programs\Python\Python36-32\python.exe" -u "C:\Program Files\Brainwy\LiClipse 3.3.0\plugins\org.python.pydev_5.4.0.201611281405\pysrc\interpreterInfo.py"
- Setting task name:Reading output...
- Setting task name:Waiting for process to finish.
- Success getting the info. Result:<xml>
<name>python</name>
<version>3.6</version>
<executable>C:\Users\Lucas Felipe Alves\AppData\Local\Programs\Python\Python36-32\python.exe</executable>
<lib>C:\Users\Lucas Felipe Alves\AppData\Local\Programs\Python\Python36-32\DLLs</lib>
<lib>C:\Users\Lucas Felipe Alves\AppData\Local\Programs\Python\Python36-32\lib</lib>
<lib>C:\Users\Lucas Felipe Alves\AppData\Local\Programs\Python\Python36-32</lib>
<lib>C:\Users\Lucas Felipe Alves\AppData\Local\Programs\Python\Python36-32\lib\site-packages</lib>
<forced_lib>Image</forced_lib>
<forced_lib>OpenGL</forced_lib>
<forced_lib>_ast</forced_lib>
<forced_lib>_bisect</forced_lib>
<forced_lib>_blake2</forced_lib>
<forced_lib>_bytesio</forced_lib>
<forced_lib>_codecs</forced_lib>
<forced_lib>_codecs_cn</forced_lib>
<forced_lib>_codecs_hk</forced_lib>
<forced_lib>_codecs_iso2022</forced_lib>
<forced_lib>_codecs_jp</forced_lib>
<forced_lib>_codecs_kr</forced_lib>
<forced_lib>_codecs_tw</forced_lib>
<forced_lib>_collections</forced_lib>
<forced_lib>_csv</forced_lib>
<forced_lib>_datetime</forced_lib>
<forced_lib>_fileio</forced_lib>
<forced_lib>_functools</forced_lib>
<forced_lib>_heapq</forced_lib>
<forced_lib>_hotshot</forced_lib>
<forced_lib>_imp</forced_lib>
<forced_lib>_io</forced_lib>
<forced_lib>_json</forced_lib>
<forced_lib>_locale</forced_lib>
<forced_lib>_lsprof</forced_lib>
<forced_lib>_md5</forced_lib>
<forced_lib>_multibytecodec</forced_lib>
<forced_lib>_opcode</forced_lib>
<forced_lib>_operator</forced_lib>
<forced_lib>_pickle</forced_lib>
<forced_lib>_random</forced_lib>
<forced_lib>_sha</forced_lib>
<forced_lib>_sha1</forced_lib>
<forced_lib>_sha256</forced_lib>
<forced_lib>_sha3</forced_lib>
<forced_lib>_sha512</forced_lib>
<forced_lib>_signal</forced_lib>
<forced_lib>_sre</forced_lib>
<forced_lib>_stat</forced_lib>
<forced_lib>_string</forced_lib>
<forced_lib>_struct</forced_lib>
<forced_lib>_subprocess</forced_lib>
<forced_lib>_symtable</forced_lib>
<forced_lib>_thread</forced_lib>
<forced_lib>_tracemalloc</forced_lib>
<forced_lib>_warnings</forced_lib>
<forced_lib>_weakref</forced_lib>
<forced_lib>_winapi</forced_lib>
<forced_lib>_winreg</forced_lib>
<forced_lib>array</forced_lib>
<forced_lib>atexit</forced_lib>
<forced_lib>audioop</forced_lib>
<forced_lib>binascii</forced_lib>
<forced_lib>builtins</forced_lib>
<forced_lib>cPickle</forced_lib>
<forced_lib>cStringIO</forced_lib>
<forced_lib>cmath</forced_lib>
<forced_lib>datetime</forced_lib>
<forced_lib>email</forced_lib>
<forced_lib>errno</forced_lib>
<forced_lib>exceptions</forced_lib>
<forced_lib>faulthandler</forced_lib>
<forced_lib>future_builtins</forced_lib>
<forced_lib>gc</forced_lib>
<forced_lib>gi</forced_lib>
<forced_lib>hashlib</forced_lib>
<forced_lib>imageop</forced_lib>
<forced_lib>imp</forced_lib>
<forced_lib>itertools</forced_lib>
<forced_lib>marshal</forced_lib>
<forced_lib>math</forced_lib>
<forced_lib>mmap</forced_lib>
<forced_lib>mock</forced_lib>
<forced_lib>msvcrt</forced_lib>
<forced_lib>multiprocessing</forced_lib>
<forced_lib>nt</forced_lib>
<forced_lib>numpy</forced_lib>
<forced_lib>operator</forced_lib>
<forced_lib>os</forced_lib>
<forced_lib>os.path</forced_lib>
<forced_lib>parser</forced_lib>
<forced_lib>pytest</forced_lib>
<forced_lib>scipy</forced_lib>
<forced_lib>signal</forced_lib>
<forced_lib>socket</forced_lib>
<forced_lib>ssl</forced_lib>
<forced_lib>strop</forced_lib>
<forced_lib>sys</forced_lib>
<forced_lib>thread</forced_lib>
<forced_lib>time</forced_lib>
<forced_lib>winreg</forced_lib>
<forced_lib>wx</forced_lib>
<forced_lib>wxPython</forced_lib>
<forced_lib>xxsubtype</forced_lib>
<forced_lib>zipimport</forced_lib>
<forced_lib>zlib</forced_lib>
</xml>
- Ok, file is non-null. Getting info on:C:\Users\Lucas Felipe Alves\AppData\Local\Programs\Python\Python36-32\python.exe
- Beggining task:Getting libs totalWork:100
- Setting task name:Mounting executable string...
- Setting task name:Executing:  "C:\Users\Lucas Felipe Alves\AppData\Local\Programs\Python\Python36-32\python.exe" -u "C:\Program Files\Brainwy\LiClipse 3.3.0\plugins\org.python.pydev_5.4.0.201611281405\pysrc\interpreterInfo.py"
- Setting task name:Making pythonpath environment... "C:\Users\Lucas Felipe Alves\AppData\Local\Programs\Python\Python36-32\python.exe" -u "C:\Program Files\Brainwy\LiClipse 3.3.0\plugins\org.python.pydev_5.4.0.201611281405\pysrc\interpreterInfo.py"
- Setting task name:Making exec... "C:\Users\Lucas Felipe Alves\AppData\Local\Programs\Python\Python36-32\python.exe" -u "C:\Program Files\Brainwy\LiClipse 3.3.0\plugins\org.python.pydev_5.4.0.201611281405\pysrc\interpreterInfo.py"
- Setting task name:Reading output...
- Setting task name:Waiting for process to finish.
- Success getting the info. Result:<xml>
<name>python</name>
<version>3.6</version>
<executable>C:\Users\Lucas Felipe Alves\AppData\Local\Programs\Python\Python36-32\python.exe</executable>
<lib>C:\Users\Lucas Felipe Alves\AppData\Local\Programs\Python\Python36-32\DLLs</lib>
<lib>C:\Users\Lucas Felipe Alves\AppData\Local\Programs\Python\Python36-32\lib</lib>
<lib>C:\Users\Lucas Felipe Alves\AppData\Local\Programs\Python\Python36-32</lib>
<lib>C:\Users\Lucas Felipe Alves\AppData\Local\Programs\Python\Python36-32\lib\site-packages</lib>
<forced_lib>Image</forced_lib>
<forced_lib>OpenGL</forced_lib>
<forced_lib>_ast</forced_lib>
<forced_lib>_bisect</forced_lib>
<forced_lib>_blake2</forced_lib>
<forced_lib>_bytesio</forced_lib>
<forced_lib>_codecs</forced_lib>
<forced_lib>_codecs_cn</forced_lib>
<forced_lib>_codecs_hk</forced_lib>
<forced_lib>_codecs_iso2022</forced_lib>
<forced_lib>_codecs_jp</forced_lib>
<forced_lib>_codecs_kr</forced_lib>
<forced_lib>_codecs_tw</forced_lib>
<forced_lib>_collections</forced_lib>
<forced_lib>_csv</forced_lib>
<forced_lib>_datetime</forced_lib>
<forced_lib>_fileio</forced_lib>
<forced_lib>_functools</forced_lib>
<forced_lib>_heapq</forced_lib>
<forced_lib>_hotshot</forced_lib>
<forced_lib>_imp</forced_lib>
<forced_lib>_io</forced_lib>
<forced_lib>_json</forced_lib>
<forced_lib>_locale</forced_lib>
<forced_lib>_lsprof</forced_lib>
<forced_lib>_md5</forced_lib>
<forced_lib>_multibytecodec</forced_lib>
<forced_lib>_opcode</forced_lib>
<forced_lib>_operator</forced_lib>
<forced_lib>_pickle</forced_lib>
<forced_lib>_random</forced_lib>
<forced_lib>_sha</forced_lib>
<forced_lib>_sha1</forced_lib>
<forced_lib>_sha256</forced_lib>
<forced_lib>_sha3</forced_lib>
<forced_lib>_sha512</forced_lib>
<forced_lib>_signal</forced_lib>
<forced_lib>_sre</forced_lib>
<forced_lib>_stat</forced_lib>
<forced_lib>_string</forced_lib>
<forced_lib>_struct</forced_lib>
<forced_lib>_subprocess</forced_lib>
<forced_lib>_symtable</forced_lib>
<forced_lib>_thread</forced_lib>
<forced_lib>_tracemalloc</forced_lib>
<forced_lib>_warnings</forced_lib>
<forced_lib>_weakref</forced_lib>
<forced_lib>_winapi</forced_lib>
<forced_lib>_winreg</forced_lib>
<forced_lib>array</forced_lib>
<forced_lib>atexit</forced_lib>
<forced_lib>audioop</forced_lib>
<forced_lib>binascii</forced_lib>
<forced_lib>builtins</forced_lib>
<forced_lib>cPickle</forced_lib>
<forced_lib>cStringIO</forced_lib>
<forced_lib>cmath</forced_lib>
<forced_lib>datetime</forced_lib>
<forced_lib>email</forced_lib>
<forced_lib>errno</forced_lib>
<forced_lib>exceptions</forced_lib>
<forced_lib>faulthandler</forced_lib>
<forced_lib>future_builtins</forced_lib>
<forced_lib>gc</forced_lib>
<forced_lib>gi</forced_lib>
<forced_lib>hashlib</forced_lib>
<forced_lib>imageop</forced_lib>
<forced_lib>imp</forced_lib>
<forced_lib>itertools</forced_lib>
<forced_lib>marshal</forced_lib>
<forced_lib>math</forced_lib>
<forced_lib>mmap</forced_lib>
<forced_lib>mock</forced_lib>
<forced_lib>msvcrt</forced_lib>
<forced_lib>multiprocessing</forced_lib>
<forced_lib>nt</forced_lib>
<forced_lib>numpy</forced_lib>
<forced_lib>operator</forced_lib>
<forced_lib>os</forced_lib>
<forced_lib>os.path</forced_lib>
<forced_lib>parser</forced_lib>
<forced_lib>pytest</forced_lib>
<forced_lib>scipy</forced_lib>
<forced_lib>signal</forced_lib>
<forced_lib>socket</forced_lib>
<forced_lib>ssl</forced_lib>
<forced_lib>strop</forced_lib>
<forced_lib>sys</forced_lib>
<forced_lib>thread</forced_lib>
<forced_lib>time</forced_lib>
<forced_lib>winreg</forced_lib>
<forced_lib>wx</forced_lib>
<forced_lib>wxPython</forced_lib>
<forced_lib>xxsubtype</forced_lib>
<forced_lib>zipimport</forced_lib>
<forced_lib>zlib</forced_lib>
</xml>

!STACK 0
java.lang.RuntimeException: - Ok, file is non-null. Getting info on:C:\Users\Lucas Felipe Alves\AppData\Local\Programs\Python\Python36-32\python.exe
- Beggining task:Getting libs totalWork:100
- Setting task name:Mounting executable string...
- Setting task name:Executing:  "C:\Users\Lucas Felipe Alves\AppData\Local\Programs\Python\Python36-32\python.exe" -u "C:\Program Files\Brainwy\LiClipse 3.3.0\plugins\org.python.pydev_5.4.0.201611281405\pysrc\interpreterInfo.py"
- Setting task name:Making pythonpath environment... "C:\Users\Lucas Felipe Alves\AppData\Local\Programs\Python\Python36-32\python.exe" -u "C:\Program Files\Brainwy\LiClipse 3.3.0\plugins\org.python.pydev_5.4.0.201611281405\pysrc\interpreterInfo.py"
- Setting task name:Making exec... "C:\Users\Lucas Felipe Alves\AppData\Local\Programs\Python\Python36-32\python.exe" -u "C:\Program Files\Brainwy\LiClipse 3.3.0\plugins\org.python.pydev_5.4.0.201611281405\pysrc\interpreterInfo.py"
- Setting task name:Reading output...
- Setting task name:Waiting for process to finish.
- Success getting the info. Result:<xml>
<name>python</name>
<version>3.6</version>
<executable>C:\Users\Lucas Felipe Alves\AppData\Local\Programs\Python\Python36-32\python.exe</executable>
<lib>C:\Users\Lucas Felipe Alves\AppData\Local\Programs\Python\Python36-32\DLLs</lib>
<lib>C:\Users\Lucas Felipe Alves\AppData\Local\Programs\Python\Python36-32\lib</lib>
<lib>C:\Users\Lucas Felipe Alves\AppData\Local\Programs\Python\Python36-32</lib>
<lib>C:\Users\Lucas Felipe Alves\AppData\Local\Programs\Python\Python36-32\lib\site-packages</lib>
<forced_lib>Image</forced_lib>
<forced_lib>OpenGL</forced_lib>
<forced_lib>_ast</forced_lib>
<forced_lib>_bisect</forced_lib>
<forced_lib>_blake2</forced_lib>
<forced_lib>_bytesio</forced_lib>
<forced_lib>_codecs</forced_lib>
<forced_lib>_codecs_cn</forced_lib>
<forced_lib>_codecs_hk</forced_lib>
<forced_lib>_codecs_iso2022</forced_lib>
<forced_lib>_codecs_jp</forced_lib>
<forced_lib>_codecs_kr</forced_lib>
<forced_lib>_codecs_tw</forced_lib>
<forced_lib>_collections</forced_lib>
<forced_lib>_csv</forced_lib>
<forced_lib>_datetime</forced_lib>
<forced_lib>_fileio</forced_lib>
<forced_lib>_functools</forced_lib>
<forced_lib>_heapq</forced_lib>
<forced_lib>_hotshot</forced_lib>
<forced_lib>_imp</forced_lib>
<forced_lib>_io</forced_lib>
<forced_lib>_json</forced_lib>
<forced_lib>_locale</forced_lib>
<forced_lib>_lsprof</forced_lib>
<forced_lib>_md5</forced_lib>
<forced_lib>_multibytecodec</forced_lib>
<forced_lib>_opcode</forced_lib>
<forced_lib>_operator</forced_lib>
<forced_lib>_pickle</forced_lib>
<forced_lib>_random</forced_lib>
<forced_lib>_sha</forced_lib>
<forced_lib>_sha1</forced_lib>
<forced_lib>_sha256</forced_lib>
<forced_lib>_sha3</forced_lib>
<forced_lib>_sha512</forced_lib>
<forced_lib>_signal</forced_lib>
<forced_lib>_sre</forced_lib>
<forced_lib>_stat</forced_lib>
<forced_lib>_string</forced_lib>
<forced_lib>_struct</forced_lib>
<forced_lib>_subprocess</forced_lib>
<forced_lib>_symtable</forced_lib>
<forced_lib>_thread</forced_lib>
<forced_lib>_tracemalloc</forced_lib>
<forced_lib>_warnings</forced_lib>
<forced_lib>_weakref</forced_lib>
<forced_lib>_winapi</forced_lib>
<forced_lib>_winreg</forced_lib>
<forced_lib>array</forced_lib>
<forced_lib>atexit</forced_lib>
<forced_lib>audioop</forced_lib>
<forced_lib>binascii</forced_lib>
<forced_lib>builtins</forced_lib>
<forced_lib>cPickle</forced_lib>
<forced_lib>cStringIO</forced_lib>
<forced_lib>cmath</forced_lib>
<forced_lib>datetime</forced_lib>
<forced_lib>email</forced_lib>
<forced_lib>errno</forced_lib>
<forced_lib>exceptions</forced_lib>
<forced_lib>faulthandler</forced_lib>
<forced_lib>future_builtins</forced_lib>
<forced_lib>gc</forced_lib>
<forced_lib>gi</forced_lib>
<forced_lib>hashlib</forced_lib>
<forced_lib>imageop</forced_lib>
<forced_lib>imp</forced_lib>
<forced_lib>itertools</forced_lib>
<forced_lib>marshal</forced_lib>
<forced_lib>math</forced_lib>
<forced_lib>mmap</forced_lib>
<forced_lib>mock</forced_lib>
<forced_lib>msvcrt</forced_lib>
<forced_lib>multiprocessing</forced_lib>
<forced_lib>nt</forced_lib>
<forced_lib>numpy</forced_lib>
<forced_lib>operator</forced_lib>
<forced_lib>os</forced_lib>
<forced_lib>os.path</forced_lib>
<forced_lib>parser</forced_lib>
<forced_lib>pytest</forced_lib>
<forced_lib>scipy</forced_lib>
<forced_lib>signal</forced_lib>
<forced_lib>socket</forced_lib>
<forced_lib>ssl</forced_lib>
<forced_lib>strop</forced_lib>
<forced_lib>sys</forced_lib>
<forced_lib>thread</forced_lib>
<forced_lib>time</forced_lib>
<forced_lib>winreg</forced_lib>
<forced_lib>wx</forced_lib>
<forced_lib>wxPython</forced_lib>
<forced_lib>xxsubtype</forced_lib>
<forced_lib>zipimport</forced_lib>
<forced_lib>zlib</forced_lib>
</xml>
- Ok, file is non-null. Getting info on:C:\Users\Lucas Felipe Alves\AppData\Local\Programs\Python\Python36-32\python.exe
- Beggining task:Getting libs totalWork:100
- Setting task name:Mounting executable string...
- Setting task name:Executing:  "C:\Users\Lucas Felipe Alves\AppData\Local\Programs\Python\Python36-32\python.exe" -u "C:\Program Files\Brainwy\LiClipse 3.3.0\plugins\org.python.pydev_5.4.0.201611281405\pysrc\interpreterInfo.py"
- Setting task name:Making pythonpath environment... "C:\Users\Lucas Felipe Alves\AppData\Local\Programs\Python\Python36-32\python.exe" -u "C:\Program Files\Brainwy\LiClipse 3.3.0\plugins\org.python.pydev_5.4.0.201611281405\pysrc\interpreterInfo.py"
- Setting task name:Making exec... "C:\Users\Lucas Felipe Alves\AppData\Local\Programs\Python\Python36-32\python.exe" -u "C:\Program Files\Brainwy\LiClipse 3.3.0\plugins\org.python.pydev_5.4.0.201611281405\pysrc\interpreterInfo.py"
- Setting task name:Reading output...
- Setting task name:Waiting for process to finish.
- Success getting the info. Result:<xml>
<name>python</name>
<version>3.6</version>
<executable>C:\Users\Lucas Felipe Alves\AppData\Local\Programs\Python\Python36-32\python.exe</executable>
<lib>C:\Users\Lucas Felipe Alves\AppData\Local\Programs\Python\Python36-32\DLLs</lib>
<lib>C:\Users\Lucas Felipe Alves\AppData\Local\Programs\Python\Python36-32\lib</lib>
<lib>C:\Users\Lucas Felipe Alves\AppData\Local\Programs\Python\Python36-32</lib>
<lib>C:\Users\Lucas Felipe Alves\AppData\Local\Programs\Python\Python36-32\lib\site-packages</lib>
<forced_lib>Image</forced_lib>
<forced_lib>OpenGL</forced_lib>
<forced_lib>_ast</forced_lib>
<forced_lib>_bisect</forced_lib>
<forced_lib>_blake2</forced_lib>
<forced_lib>_bytesio</forced_lib>
<forced_lib>_codecs</forced_lib>
<forced_lib>_codecs_cn</forced_lib>
<forced_lib>_codecs_hk</forced_lib>
<forced_lib>_codecs_iso2022</forced_lib>
<forced_lib>_codecs_jp</forced_lib>
<forced_lib>_codecs_kr</forced_lib>
<forced_lib>_codecs_tw</forced_lib>
<forced_lib>_collections</forced_lib>
<forced_lib>_csv</forced_lib>
<forced_lib>_datetime</forced_lib>
<forced_lib>_fileio</forced_lib>
<forced_lib>_functools</forced_lib>
<forced_lib>_heapq</forced_lib>
<forced_lib>_hotshot</forced_lib>
<forced_lib>_imp</forced_lib>
<forced_lib>_io</forced_lib>
<forced_lib>_json</forced_lib>
<forced_lib>_locale</forced_lib>
<forced_lib>_lsprof</forced_lib>
<forced_lib>_md5</forced_lib>
<forced_lib>_multibytecodec</forced_lib>
<forced_lib>_opcode</forced_lib>
<forced_lib>_operator</forced_lib>
<forced_lib>_pickle</forced_lib>
<forced_lib>_random</forced_lib>
<forced_lib>_sha</forced_lib>
<forced_lib>_sha1</forced_lib>
<forced_lib>_sha256</forced_lib>
<forced_lib>_sha3</forced_lib>
<forced_lib>_sha512</forced_lib>
<forced_lib>_signal</forced_lib>
<forced_lib>_sre</forced_lib>
<forced_lib>_stat</forced_lib>
<forced_lib>_string</forced_lib>
<forced_lib>_struct</forced_lib>
<forced_lib>_subprocess</forced_lib>
<forced_lib>_symtable</forced_lib>
<forced_lib>_thread</forced_lib>
<forced_lib>_tracemalloc</forced_lib>
<forced_lib>_warnings</forced_lib>
<forced_lib>_weakref</forced_lib>
<forced_lib>_winapi</forced_lib>
<forced_lib>_winreg</forced_lib>
<forced_lib>array</forced_lib>
<forced_lib>atexit</forced_lib>
<forced_lib>audioop</forced_lib>
<forced_lib>binascii</forced_lib>
<forced_lib>builtins</forced_lib>
<forced_lib>cPickle</forced_lib>
<forced_lib>cStringIO</forced_lib>
<forced_lib>cmath</forced_lib>
<forced_lib>datetime</forced_lib>
<forced_lib>email</forced_lib>
<forced_lib>errno</forced_lib>
<forced_lib>exceptions</forced_lib>
<forced_lib>faulthandler</forced_lib>
<forced_lib>future_builtins</forced_lib>
<forced_lib>gc</forced_lib>
<forced_lib>gi</forced_lib>
<forced_lib>hashlib</forced_lib>
<forced_lib>imageop</forced_lib>
<forced_lib>imp</forced_lib>
<forced_lib>itertools</forced_lib>
<forced_lib>marshal</forced_lib>
<forced_lib>math</forced_lib>
<forced_lib>mmap</forced_lib>
<forced_lib>mock</forced_lib>
<forced_lib>msvcrt</forced_lib>
<forced_lib>multiprocessing</forced_lib>
<forced_lib>nt</forced_lib>
<forced_lib>numpy</forced_lib>
<forced_lib>operator</forced_lib>
<forced_lib>os</forced_lib>
<forced_lib>os.path</forced_lib>
<forced_lib>parser</forced_lib>
<forced_lib>pytest</forced_lib>
<forced_lib>scipy</forced_lib>
<forced_lib>signal</forced_lib>
<forced_lib>socket</forced_lib>
<forced_lib>ssl</forced_lib>
<forced_lib>strop</forced_lib>
<forced_lib>sys</forced_lib>
<forced_lib>thread</forced_lib>
<forced_lib>time</forced_lib>
<forced_lib>winreg</forced_lib>
<forced_lib>wx</forced_lib>
<forced_lib>wxPython</forced_lib>
<forced_lib>xxsubtype</forced_lib>
<forced_lib>zipimport</forced_lib>
<forced_lib>zlib</forced_lib>
</xml>

	at org.python.pydev.core.log.Log.logInfo(Log.java:66)
	at org.python.pydev.ui.pythonpathconf.AutoConfigMaker.autoConfigSingleApply(AutoConfigMaker.java:177)
	at org.python.pydev.ui.PyProjectPythonDetails$ProjectInterpreterAndGrammarConfig$2.widgetSelected(PyProjectPythonDetails.java:289)
	at org.eclipse.swt.widgets.TypedListener.handleEvent(TypedListener.java:249)
	at org.eclipse.swt.widgets.EventTable.sendEvent(EventTable.java:84)
	at org.eclipse.swt.widgets.Display.sendEvent(Display.java:4410)
	at org.eclipse.swt.widgets.Widget.sendEvent(Widget.java:1079)
	at org.eclipse.swt.widgets.Widget.sendEvent(Widget.java:1103)
	at org.eclipse.swt.widgets.Widget.sendSelectionEvent(Widget.java:1120)
	at org.eclipse.swt.widgets.Link.WM_LBUTTONUP(Link.java:1035)
	at org.eclipse.swt.widgets.Control.windowProc(Control.java:4828)
	at org.eclipse.swt.widgets.Display.windowProc(Display.java:5115)
	at org.eclipse.swt.internal.win32.OS.DispatchMessageW(Native Method)
	at org.eclipse.swt.internal.win32.OS.DispatchMessage(OS.java:2552)
	at org.eclipse.swt.widgets.Display.readAndDispatch(Display.java:3814)
	at org.eclipse.jface.window.Window.runEventLoop(Window.java:818)
	at org.eclipse.jface.window.Window.open(Window.java:794)
	at org.eclipse.ui.internal.actions.NewWizardShortcutAction.run(NewWizardShortcutAction.java:133)
	at org.eclipse.jface.action.Action.runWithEvent(Action.java:473)
	at org.eclipse.jface.action.ActionContributionItem.handleWidgetSelection(ActionContributionItem.java:565)
	at org.eclipse.jface.action.ActionContributionItem.lambda$4(ActionContributionItem.java:397)
	at org.eclipse.swt.widgets.EventTable.sendEvent(EventTable.java:84)
	at org.eclipse.swt.widgets.Display.sendEvent(Display.java:4410)
	at org.eclipse.swt.widgets.Widget.sendEvent(Widget.java:1079)
	at org.eclipse.swt.widgets.Display.runDeferredEvents(Display.java:4228)
	at org.eclipse.swt.widgets.Display.readAndDispatch(Display.java:3816)
	at org.eclipse.e4.ui.internal.workbench.swt.PartRenderingEngine$4.run(PartRenderingEngine.java:1121)
	at org.eclipse.core.databinding.observable.Realm.runWithDefault(Realm.java:336)
	at org.eclipse.e4.ui.internal.workbench.swt.PartRenderingEngine.run(PartRenderingEngine.java:1022)
	at org.eclipse.e4.ui.internal.workbench.E4Workbench.createAndRunUI(E4Workbench.java:150)
	at org.eclipse.ui.internal.Workbench$5.run(Workbench.java:687)
	at org.eclipse.core.databinding.observable.Realm.runWithDefault(Realm.java:336)
	at org.eclipse.ui.internal.Workbench.createAndRunWorkbench(Workbench.java:604)
	at org.eclipse.ui.PlatformUI.createAndRunWorkbench(PlatformUI.java:148)
	at com.brainwy.liclipse.rcp.IDEApplication.start(IDEApplication.java:210)
	at org.eclipse.equinox.internal.app.EclipseAppHandle.run(EclipseAppHandle.java:196)
	at org.eclipse.core.runtime.internal.adaptor.EclipseAppLauncher.runApplication(EclipseAppLauncher.java:134)
	at org.eclipse.core.runtime.internal.adaptor.EclipseAppLauncher.start(EclipseAppLauncher.java:104)
	at org.eclipse.core.runtime.adaptor.EclipseStarter.run(EclipseStarter.java:388)
	at org.eclipse.core.runtime.adaptor.EclipseStarter.run(EclipseStarter.java:243)
	at sun.reflect.NativeMethodAccessorImpl.invoke0(Native Method)
	at sun.reflect.NativeMethodAccessorImpl.invoke(NativeMethodAccessorImpl.java:62)
	at sun.reflect.DelegatingMethodAccessorImpl.invoke(DelegatingMethodAccessorImpl.java:43)
	at java.lang.reflect.Method.invoke(Method.java:498)
	at org.eclipse.equinox.launcher.Main.invokeFramework(Main.java:673)
	at org.eclipse.equinox.launcher.Main.basicRun(Main.java:610)
	at org.eclipse.equinox.launcher.Main.run(Main.java:1519)

!ENTRY org.python.pydev.shared_core 1 1 2017-01-17 12:04:34.320
!MESSAGE Restoring info for: C:\Users\Lucas Felipe Alves\AppData\Local\Programs\Python\Python36-32\python.exe
!STACK 0
java.lang.RuntimeException: Restoring info for: C:\Users\Lucas Felipe Alves\AppData\Local\Programs\Python\Python36-32\python.exe
	at org.python.pydev.ui.interpreters.AbstractInterpreterManager.getInterpretersFromPersistedString(AbstractInterpreterManager.java:529)
	at org.python.pydev.ui.interpreters.AbstractInterpreterManager.internalRecreateCacheGetInterpreterInfos(AbstractInterpreterManager.java:345)
	at org.python.pydev.ui.interpreters.AbstractInterpreterManager.setInfos(AbstractInterpreterManager.java:655)
	at org.python.pydev.ui.pythonpathconf.AutoConfigMaker$1.run(AutoConfigMaker.java:137)
	at org.eclipse.core.internal.jobs.Worker.run(Worker.java:55)
Caused by: java.io.IOException: Expecting: C:\Users\Lucas Felipe Alves\Desktop\Python - Pesquisa\LiClipse Workspace\.metadata\.plugins\org.python.pydev\v1_a0ks7mj7eg0stw8ux37mwd248\modulesKeys to exist (and be a file).
	at org.python.pydev.editor.codecompletion.revisited.ModulesManager.loadFromFile(ModulesManager.java:293)
	at org.python.pydev.editor.codecompletion.revisited.SystemModulesManager.load(SystemModulesManager.java:397)
	at org.python.pydev.ui.interpreters.AbstractInterpreterManager.getInterpretersFromPersistedString(AbstractInterpreterManager.java:527)
	... 4 more

!ENTRY org.python.pydev.shared_core 1 1 2017-01-17 12:04:34.871
!MESSAGE Finished restoring information for: C:\Users\Lucas Felipe Alves\AppData\Local\Programs\Python\Python36-32\python.exe at: C:\Users\Lucas Felipe Alves\Desktop\Python - Pesquisa\LiClipse Workspace\.metadata\.plugins\org.python.pydev\v1_a0ks7mj7eg0stw8ux37mwd248
!STACK 0
java.lang.RuntimeException: Finished restoring information for: C:\Users\Lucas Felipe Alves\AppData\Local\Programs\Python\Python36-32\python.exe at: C:\Users\Lucas Felipe Alves\Desktop\Python - Pesquisa\LiClipse Workspace\.metadata\.plugins\org.python.pydev\v1_a0ks7mj7eg0stw8ux37mwd248
	at org.python.pydev.core.log.Log.logInfo(Log.java:66)
	at org.python.pydev.ui.interpreters.AbstractInterpreterManager.getInterpretersFromPersistedString(AbstractInterpreterManager.java:574)
	at org.python.pydev.ui.interpreters.AbstractInterpreterManager.internalRecreateCacheGetInterpreterInfos(AbstractInterpreterManager.java:345)
	at org.python.pydev.ui.interpreters.AbstractInterpreterManager.setInfos(AbstractInterpreterManager.java:655)
	at org.python.pydev.ui.pythonpathconf.AutoConfigMaker$1.run(AutoConfigMaker.java:137)
	at org.eclipse.core.internal.jobs.Worker.run(Worker.java:55)

!ENTRY org.python.pydev.shared_core 4 4 2017-01-17 12:04:35.399
!MESSAGE Info: Rebuilding internal caches: C:\Users\Lucas Felipe Alves\Desktop\Python - Pesquisa\LiClipse Workspace\.metadata\.plugins\com.python.pydev.analysis\python_v1_a0ks7mj7eg0stw8ux37mwd248\python.pydevsysteminfo (Expected error to be provided and got no error!)

!ENTRY org.python.pydev.shared_core 4 4 2017-01-17 12:04:40.370
!MESSAGE Info: Rebuilding internal caches: C:\Users\Lucas Felipe Alves\Desktop\Python - Pesquisa\LiClipse Workspace\.metadata\.plugins\org.eclipse.core.resources\.projects\ProjetoPythonTeste\com.python.pydev.analysis\AdditionalProjectInterpreterInfo.pydevinfo (Expected error to be provided and got no error!)

!ENTRY org.python.pydev.shared_core 4 4 2017-01-17 12:10:21.362
!MESSAGE C:\Users\Lucas Felipe Alves\AppData\Local\Programs\Python\Python36-32\Lib\site-packages\pip-9.0.1.dist-info
!STACK 0
java.nio.file.NoSuchFileException: C:\Users\Lucas Felipe Alves\AppData\Local\Programs\Python\Python36-32\Lib\site-packages\pip-9.0.1.dist-info
	at sun.nio.fs.WindowsException.translateToIOException(WindowsException.java:79)
	at sun.nio.fs.WindowsException.rethrowAsIOException(WindowsException.java:97)
	at sun.nio.fs.WindowsException.rethrowAsIOException(WindowsException.java:102)
	at sun.nio.fs.WindowsDirectoryStream.<init>(WindowsDirectoryStream.java:86)
	at sun.nio.fs.WindowsFileSystemProvider.newDirectoryStream(WindowsFileSystemProvider.java:518)
	at java.nio.file.Files.newDirectoryStream(Files.java:457)
	at org.python.pydev.shared_core.io.FileUtils.getLastModifiedTimeFromDir(FileUtils.java:876)
	at org.python.pydev.shared_core.path_watch.EventsStackerRunnable.run(EventsStackerRunnable.java:218)
	at org.python.pydev.shared_core.path_watch.PathWatch$PollThread.run(PathWatch.java:203)

!ENTRY org.python.pydev.shared_core 4 4 2017-01-17 12:10:21.931
!MESSAGE Error. returning: 0
!STACK 0
java.nio.file.NoSuchFileException: C:\Users\Lucas Felipe Alves\AppData\Local\Programs\Python\Python36-32\Lib\site-packages\pip\utils\__init__.py
	at sun.nio.fs.WindowsException.translateToIOException(WindowsException.java:79)
	at sun.nio.fs.WindowsException.rethrowAsIOException(WindowsException.java:97)
	at sun.nio.fs.WindowsException.rethrowAsIOException(WindowsException.java:102)
	at sun.nio.fs.WindowsFileAttributeViews$Basic.readAttributes(WindowsFileAttributeViews.java:53)
	at sun.nio.fs.WindowsFileAttributeViews$Basic.readAttributes(WindowsFileAttributeViews.java:38)
	at sun.nio.fs.WindowsFileSystemProvider.readAttributes(WindowsFileSystemProvider.java:193)
	at java.nio.file.Files.readAttributes(Files.java:1737)
	at java.nio.file.Files.getLastModifiedTime(Files.java:2266)
	at org.python.pydev.shared_core.io.FileUtils.lastModified(FileUtils.java:1059)
	at org.python.pydev.shared_core.io.FileUtils.lastModified(FileUtils.java:1050)
	at org.python.pydev.shared_core.io.FileUtils.getLastModifiedTimeFromDir(FileUtils.java:888)
	at org.python.pydev.shared_core.io.FileUtils.getLastModifiedTimeFromDir(FileUtils.java:884)
	at org.python.pydev.shared_core.path_watch.EventsStackerRunnable.run(EventsStackerRunnable.java:218)
	at org.python.pydev.shared_core.path_watch.PathWatch$PollThread.run(PathWatch.java:203)

!ENTRY org.python.pydev.shared_core 4 4 2017-01-17 12:10:58.791
!MESSAGE Error. returning: 0
!STACK 0
java.nio.file.NoSuchFileException: C:\Users\Lucas Felipe Alves\AppData\Local\Programs\Python\Python36-32\DLLs\_testmultiphase_d.pyd
	at sun.nio.fs.WindowsException.translateToIOException(WindowsException.java:79)
	at sun.nio.fs.WindowsException.rethrowAsIOException(WindowsException.java:97)
	at sun.nio.fs.WindowsException.rethrowAsIOException(WindowsException.java:102)
	at sun.nio.fs.WindowsFileAttributeViews$Basic.readAttributes(WindowsFileAttributeViews.java:53)
	at sun.nio.fs.WindowsFileAttributeViews$Basic.readAttributes(WindowsFileAttributeViews.java:38)
	at sun.nio.fs.WindowsFileSystemProvider.readAttributes(WindowsFileSystemProvider.java:193)
	at java.nio.file.Files.readAttributes(Files.java:1737)
	at java.nio.file.Files.getLastModifiedTime(Files.java:2266)
	at org.python.pydev.shared_core.io.FileUtils.lastModified(FileUtils.java:1059)
	at org.python.pydev.shared_core.io.FileUtils.lastModified(FileUtils.java:1050)
	at org.python.pydev.shared_core.io.FileUtils.getLastModifiedTimeFromDir(FileUtils.java:888)
	at org.python.pydev.shared_core.path_watch.EventsStackerRunnable.run(EventsStackerRunnable.java:218)
	at org.python.pydev.shared_core.path_watch.PathWatch$PollThread.run(PathWatch.java:203)

!ENTRY org.python.pydev.shared_core 4 4 2017-01-17 12:11:25.071
!MESSAGE Error. returning: 0
!STACK 0
java.nio.file.NoSuchFileException: C:\Users\Lucas Felipe Alves\AppData\Local\Programs\Python\Python36-32\Lib\test\outstanding_bugs.py
	at sun.nio.fs.WindowsException.translateToIOException(WindowsException.java:79)
	at sun.nio.fs.WindowsException.rethrowAsIOException(WindowsException.java:97)
	at sun.nio.fs.WindowsException.rethrowAsIOException(WindowsException.java:102)
	at sun.nio.fs.WindowsFileAttributeViews$Basic.readAttributes(WindowsFileAttributeViews.java:53)
	at sun.nio.fs.WindowsFileAttributeViews$Basic.readAttributes(WindowsFileAttributeViews.java:38)
	at sun.nio.fs.WindowsFileSystemProvider.readAttributes(WindowsFileSystemProvider.java:193)
	at java.nio.file.Files.readAttributes(Files.java:1737)
	at java.nio.file.Files.getLastModifiedTime(Files.java:2266)
	at org.python.pydev.shared_core.io.FileUtils.lastModified(FileUtils.java:1059)
	at org.python.pydev.shared_core.io.FileUtils.lastModified(FileUtils.java:1050)
	at org.python.pydev.shared_core.io.FileUtils.getLastModifiedTimeFromDir(FileUtils.java:888)
	at org.python.pydev.shared_core.path_watch.EventsStackerRunnable.run(EventsStackerRunnable.java:218)
	at org.python.pydev.shared_core.path_watch.PathWatch$PollThread.run(PathWatch.java:203)

!ENTRY org.python.pydev.shared_core 4 4 2017-01-17 12:12:10.463
!MESSAGE Error. returning: 0
!STACK 0
java.nio.file.NoSuchFileException: C:\Users\Lucas Felipe Alves\AppData\Local\Programs\Python\Python36-32\Lib\doctest.py
	at sun.nio.fs.WindowsException.translateToIOException(WindowsException.java:79)
	at sun.nio.fs.WindowsException.rethrowAsIOException(WindowsException.java:97)
	at sun.nio.fs.WindowsException.rethrowAsIOException(WindowsException.java:102)
	at sun.nio.fs.WindowsFileAttributeViews$Basic.readAttributes(WindowsFileAttributeViews.java:53)
	at sun.nio.fs.WindowsFileAttributeViews$Basic.readAttributes(WindowsFileAttributeViews.java:38)
	at sun.nio.fs.WindowsFileSystemProvider.readAttributes(WindowsFileSystemProvider.java:193)
	at java.nio.file.Files.readAttributes(Files.java:1737)
	at java.nio.file.Files.getLastModifiedTime(Files.java:2266)
	at org.python.pydev.shared_core.io.FileUtils.lastModified(FileUtils.java:1059)
	at org.python.pydev.shared_core.io.FileUtils.lastModified(FileUtils.java:1050)
	at org.python.pydev.shared_core.io.FileUtils.getLastModifiedTimeFromDir(FileUtils.java:888)
	at org.python.pydev.shared_core.path_watch.EventsStackerRunnable.run(EventsStackerRunnable.java:218)
	at org.python.pydev.shared_core.path_watch.PathWatch$PollThread.run(PathWatch.java:203)

!ENTRY org.python.pydev.shared_core 4 4 2017-01-17 12:12:27.991
!MESSAGE No output was in the standard output when
trying to create the interpreter info for: C:\Users\Lucas Felipe Alves\AppData\Local\Programs\Python\Python36-32\python.exe
The error output contains:>>Fatal Python error: Py_Initialize: unable to load the file system codec
LookupError: no codec search functions registered: can't find encoding

Current thread 0x000040e8 (most recent call first):
<<
!STACK 0
java.lang.RuntimeException: No output was in the standard output when
trying to create the interpreter info for: C:\Users\Lucas Felipe Alves\AppData\Local\Programs\Python\Python36-32\python.exe
The error output contains:>>Fatal Python error: Py_Initialize: unable to load the file system codec
LookupError: no codec search functions registered: can't find encoding

Current thread 0x000040e8 (most recent call first):
<<
	at org.python.pydev.ui.interpreters.AbstractInterpreterManager.createInfoFromOutput(AbstractInterpreterManager.java:440)
	at org.python.pydev.ui.interpreters.PythonInterpreterManager.doCreateInterpreterInfo(PythonInterpreterManager.java:71)
	at org.python.pydev.ui.interpreters.PythonInterpreterManager.internalCreateInterpreterInfo(PythonInterpreterManager.java:44)
	at org.python.pydev.ui.interpreters.AbstractInterpreterManager.createInterpreterInfo(AbstractInterpreterManager.java:390)
	at org.python.pydev.editor.codecompletion.revisited.SynchSystemModulesManager$CreateInterpreterInfoCallback.createInterpreterInfo(SynchSystemModulesManager.java:173)
	at org.python.pydev.editor.codecompletion.revisited.SynchSystemModulesManager.updateStructures(SynchSystemModulesManager.java:252)
	at org.python.pydev.editor.codecompletion.revisited.SyncSystemModulesManagerScheduler$SynchJob.run(SyncSystemModulesManagerScheduler.java:238)
	at org.eclipse.core.internal.jobs.Worker.run(Worker.java:55)

!ENTRY org.python.pydev.shared_core 4 4 2017-01-17 12:12:33.646
!MESSAGE No output was in the standard output when
trying to create the interpreter info for: C:\Users\Lucas Felipe Alves\AppData\Local\Programs\Python\Python36-32\python.exe
The error output contains:>>Fatal Python error: Py_Initialize: unable to load the file system codec
ModuleNotFoundError: No module named 'encodings'

Current thread 0x00003aec (most recent call first):
<<
!STACK 0
java.lang.RuntimeException: No output was in the standard output when
trying to create the interpreter info for: C:\Users\Lucas Felipe Alves\AppData\Local\Programs\Python\Python36-32\python.exe
The error output contains:>>Fatal Python error: Py_Initialize: unable to load the file system codec
ModuleNotFoundError: No module named 'encodings'

Current thread 0x00003aec (most recent call first):
<<
	at org.python.pydev.ui.interpreters.AbstractInterpreterManager.createInfoFromOutput(AbstractInterpreterManager.java:440)
	at org.python.pydev.ui.interpreters.PythonInterpreterManager.doCreateInterpreterInfo(PythonInterpreterManager.java:71)
	at org.python.pydev.ui.interpreters.PythonInterpreterManager.internalCreateInterpreterInfo(PythonInterpreterManager.java:44)
	at org.python.pydev.ui.interpreters.AbstractInterpreterManager.createInterpreterInfo(AbstractInterpreterManager.java:390)
	at org.python.pydev.editor.codecompletion.revisited.SynchSystemModulesManager$CreateInterpreterInfoCallback.createInterpreterInfo(SynchSystemModulesManager.java:173)
	at org.python.pydev.editor.codecompletion.revisited.SynchSystemModulesManager.updateStructures(SynchSystemModulesManager.java:252)
	at org.python.pydev.editor.codecompletion.revisited.SyncSystemModulesManagerScheduler$SynchJob.run(SyncSystemModulesManagerScheduler.java:238)
	at org.eclipse.core.internal.jobs.Worker.run(Worker.java:55)

!ENTRY org.python.pydev.shared_core 4 4 2017-01-17 12:12:38.875
!MESSAGE java.io.IOException: Cannot run program "C:\Users\Lucas Felipe Alves\AppData\Local\Programs\Python\Python36-32\python.exe": CreateProcess error=2, O sistema não pode encontrar o arquivo especificado
!STACK 0
java.lang.RuntimeException: java.io.IOException: Cannot run program "C:\Users\Lucas Felipe Alves\AppData\Local\Programs\Python\Python36-32\python.exe": CreateProcess error=2, O sistema não pode encontrar o arquivo especificado
	at org.python.pydev.runners.SimpleRunner.run(SimpleRunner.java:312)
	at org.python.pydev.runners.SimpleRunner.run(SimpleRunner.java:278)
	at org.python.pydev.runners.SimpleRunner.runAndGetOutput(SimpleRunner.java:329)
	at org.python.pydev.runners.SimplePythonRunner.runAndGetOutputWithInterpreter(SimplePythonRunner.java:95)
	at org.python.pydev.ui.interpreters.PythonInterpreterManager.doCreateInterpreterInfo(PythonInterpreterManager.java:68)
	at org.python.pydev.ui.interpreters.PythonInterpreterManager.internalCreateInterpreterInfo(PythonInterpreterManager.java:44)
	at org.python.pydev.ui.interpreters.AbstractInterpreterManager.createInterpreterInfo(AbstractInterpreterManager.java:390)
	at org.python.pydev.editor.codecompletion.revisited.SynchSystemModulesManager$CreateInterpreterInfoCallback.createInterpreterInfo(SynchSystemModulesManager.java:173)
	at org.python.pydev.editor.codecompletion.revisited.SynchSystemModulesManager.updateStructures(SynchSystemModulesManager.java:252)
	at org.python.pydev.editor.codecompletion.revisited.SyncSystemModulesManagerScheduler$SynchJob.run(SyncSystemModulesManagerScheduler.java:238)
	at org.eclipse.core.internal.jobs.Worker.run(Worker.java:55)
Caused by: java.io.IOException: Cannot run program "C:\Users\Lucas Felipe Alves\AppData\Local\Programs\Python\Python36-32\python.exe": CreateProcess error=2, O sistema não pode encontrar o arquivo especificado
	at java.lang.ProcessBuilder.start(ProcessBuilder.java:1048)
	at java.lang.Runtime.exec(Runtime.java:620)
	at org.python.pydev.shared_core.process.ProcessUtils.createProcess(ProcessUtils.java:103)
	at org.python.pydev.runners.SimpleRunner.createProcess(SimpleRunner.java:51)
	at org.python.pydev.runners.SimpleRunner.run(SimpleRunner.java:310)
	... 10 more
Caused by: java.io.IOException: CreateProcess error=2, O sistema não pode encontrar o arquivo especificado
	at java.lang.ProcessImpl.create(Native Method)
	at java.lang.ProcessImpl.<init>(ProcessImpl.java:386)
	at java.lang.ProcessImpl.start(ProcessImpl.java:137)
	at java.lang.ProcessBuilder.start(ProcessBuilder.java:1029)
	... 14 more

!ENTRY org.python.pydev.shared_core 1 1 2017-01-17 14:24:39.227
!MESSAGE Not saving ast manager for: P/ProjetoPythonTeste. No write area available.
!SESSION 2017-01-17 14:24:52.690 -----------------------------------------------
eclipse.buildId=unknown
java.version=1.8.0_77
java.vendor=Oracle Corporation
BootLoader constants: OS=win32, ARCH=x86_64, WS=win32, NL=pt_BR
Command-line arguments:  -os win32 -ws win32 -arch x86_64

!ENTRY org.python.pydev.shared_core 1 1 2017-01-17 14:25:16.230
!MESSAGE Unable to track file that does not exist: C:\Users\Lucas Felipe Alves\AppData\Local\Programs\Python\Python36-32\DLLs
!STACK 0
java.lang.RuntimeException: Unable to track file that does not exist: C:\Users\Lucas Felipe Alves\AppData\Local\Programs\Python\Python36-32\DLLs
	at org.python.pydev.shared_core.log.Log.logInfo(Log.java:52)
	at org.python.pydev.shared_core.path_watch.PathWatch.track(PathWatch.java:316)
	at org.python.pydev.editor.codecompletion.revisited.SyncSystemModulesManagerScheduler.afterSetInfos(SyncSystemModulesManagerScheduler.java:463)
	at org.python.pydev.editor.codecompletion.revisited.SyncSystemModulesManagerScheduler.afterSetInfos(SyncSystemModulesManagerScheduler.java:444)
	at org.python.pydev.editor.codecompletion.revisited.SyncSystemModulesManagerScheduler.registerInterpreterManager(SyncSystemModulesManagerScheduler.java:67)
	at org.python.pydev.editor.codecompletion.revisited.SyncSystemModulesManagerScheduler.start(SyncSystemModulesManagerScheduler.java:89)
	at org.python.pydev.plugin.PydevPlugin$1.run(PydevPlugin.java:222)
	at org.eclipse.core.internal.jobs.Worker.run(Worker.java:55)

!ENTRY org.python.pydev.shared_core 1 1 2017-01-17 14:25:16.267
!MESSAGE Unable to track file that does not exist: C:\Users\Lucas Felipe Alves\AppData\Local\Programs\Python\Python36-32\lib
!STACK 0
java.lang.RuntimeException: Unable to track file that does not exist: C:\Users\Lucas Felipe Alves\AppData\Local\Programs\Python\Python36-32\lib
	at org.python.pydev.shared_core.log.Log.logInfo(Log.java:52)
	at org.python.pydev.shared_core.path_watch.PathWatch.track(PathWatch.java:316)
	at org.python.pydev.editor.codecompletion.revisited.SyncSystemModulesManagerScheduler.afterSetInfos(SyncSystemModulesManagerScheduler.java:463)
	at org.python.pydev.editor.codecompletion.revisited.SyncSystemModulesManagerScheduler.afterSetInfos(SyncSystemModulesManagerScheduler.java:444)
	at org.python.pydev.editor.codecompletion.revisited.SyncSystemModulesManagerScheduler.registerInterpreterManager(SyncSystemModulesManagerScheduler.java:67)
	at org.python.pydev.editor.codecompletion.revisited.SyncSystemModulesManagerScheduler.start(SyncSystemModulesManagerScheduler.java:89)
	at org.python.pydev.plugin.PydevPlugin$1.run(PydevPlugin.java:222)
	at org.eclipse.core.internal.jobs.Worker.run(Worker.java:55)

!ENTRY org.python.pydev.shared_core 1 1 2017-01-17 14:25:16.268
!MESSAGE Unable to track file that does not exist: C:\Users\Lucas Felipe Alves\AppData\Local\Programs\Python\Python36-32
!STACK 0
java.lang.RuntimeException: Unable to track file that does not exist: C:\Users\Lucas Felipe Alves\AppData\Local\Programs\Python\Python36-32
	at org.python.pydev.shared_core.log.Log.logInfo(Log.java:52)
	at org.python.pydev.shared_core.path_watch.PathWatch.track(PathWatch.java:316)
	at org.python.pydev.editor.codecompletion.revisited.SyncSystemModulesManagerScheduler.afterSetInfos(SyncSystemModulesManagerScheduler.java:463)
	at org.python.pydev.editor.codecompletion.revisited.SyncSystemModulesManagerScheduler.afterSetInfos(SyncSystemModulesManagerScheduler.java:444)
	at org.python.pydev.editor.codecompletion.revisited.SyncSystemModulesManagerScheduler.registerInterpreterManager(SyncSystemModulesManagerScheduler.java:67)
	at org.python.pydev.editor.codecompletion.revisited.SyncSystemModulesManagerScheduler.start(SyncSystemModulesManagerScheduler.java:89)
	at org.python.pydev.plugin.PydevPlugin$1.run(PydevPlugin.java:222)
	at org.eclipse.core.internal.jobs.Worker.run(Worker.java:55)

!ENTRY org.python.pydev.shared_core 1 1 2017-01-17 14:25:16.269
!MESSAGE Unable to track file that does not exist: C:\Users\Lucas Felipe Alves\AppData\Local\Programs\Python\Python36-32\lib\site-packages
!STACK 0
java.lang.RuntimeException: Unable to track file that does not exist: C:\Users\Lucas Felipe Alves\AppData\Local\Programs\Python\Python36-32\lib\site-packages
	at org.python.pydev.shared_core.log.Log.logInfo(Log.java:52)
	at org.python.pydev.shared_core.path_watch.PathWatch.track(PathWatch.java:316)
	at org.python.pydev.editor.codecompletion.revisited.SyncSystemModulesManagerScheduler.afterSetInfos(SyncSystemModulesManagerScheduler.java:463)
	at org.python.pydev.editor.codecompletion.revisited.SyncSystemModulesManagerScheduler.afterSetInfos(SyncSystemModulesManagerScheduler.java:444)
	at org.python.pydev.editor.codecompletion.revisited.SyncSystemModulesManagerScheduler.registerInterpreterManager(SyncSystemModulesManagerScheduler.java:67)
	at org.python.pydev.editor.codecompletion.revisited.SyncSystemModulesManagerScheduler.start(SyncSystemModulesManagerScheduler.java:89)
	at org.python.pydev.plugin.PydevPlugin$1.run(PydevPlugin.java:222)
	at org.eclipse.core.internal.jobs.Worker.run(Worker.java:55)

!ENTRY org.eclipse.egit.ui 2 0 2017-01-17 14:25:16.366
!MESSAGE Warning: The environment variable HOME is not set. The following directory will be used to store the Git
user global configuration and to define the default location to store repositories: 'C:\Users\Lucas Felipe Alves'. If this is
not correct please set the HOME environment variable and restart Eclipse. Otherwise Git for Windows and
EGit might behave differently since they see different configuration options.
This warning can be switched off on the Team > Git > Confirmations and Warnings preference page.

!ENTRY org.brainwy.liclipsetext.shared_core 4 4 2017-01-17 14:25:18.536
!MESSAGE C:\Program Files\Brainwy\LiClipse 3.3.0\plugins\com.brainwy.liclipse.editor_3.3.0.201611281405\etc\5yz4x6m18oij9anbul5v4g4b9 (O sistema não pode encontrar o caminho especificado)
!STACK 0
java.io.FileNotFoundException: C:\Program Files\Brainwy\LiClipse 3.3.0\plugins\com.brainwy.liclipse.editor_3.3.0.201611281405\etc\5yz4x6m18oij9anbul5v4g4b9 (O sistema não pode encontrar o caminho especificado)
	at java.io.FileOutputStream.open0(Native Method)
	at java.io.FileOutputStream.open(FileOutputStream.java:270)
	at java.io.FileOutputStream.<init>(FileOutputStream.java:213)
	at java.io.FileOutputStream.<init>(FileOutputStream.java:162)
	at org.brainwy.liclipsetext.shared_core.io.FileUtils.writeBytesToFile(FileUtils.java:140)
	at org.brainwy.liclipsetext.shared_core.io.FileUtils.writeStrToFile(FileUtils.java:133)
	at com.brainwy.liclipse.editor.lic.CheckRegistered.run(CheckRegistered.java:145)

!ENTRY org.python.pydev.shared_core 4 4 2017-01-17 14:25:46.385
!MESSAGE java.io.IOException: Cannot run program "C:\Users\Lucas Felipe Alves\AppData\Local\Programs\Python\Python36-32\python.exe": CreateProcess error=2, O sistema não pode encontrar o arquivo especificado
!STACK 0
java.lang.RuntimeException: java.io.IOException: Cannot run program "C:\Users\Lucas Felipe Alves\AppData\Local\Programs\Python\Python36-32\python.exe": CreateProcess error=2, O sistema não pode encontrar o arquivo especificado
	at org.python.pydev.runners.SimpleRunner.run(SimpleRunner.java:312)
	at org.python.pydev.runners.SimpleRunner.run(SimpleRunner.java:278)
	at org.python.pydev.runners.SimpleRunner.runAndGetOutput(SimpleRunner.java:329)
	at org.python.pydev.runners.SimplePythonRunner.runAndGetOutputWithInterpreter(SimplePythonRunner.java:95)
	at org.python.pydev.ui.interpreters.PythonInterpreterManager.doCreateInterpreterInfo(PythonInterpreterManager.java:68)
	at org.python.pydev.ui.interpreters.PythonInterpreterManager.internalCreateInterpreterInfo(PythonInterpreterManager.java:44)
	at org.python.pydev.ui.interpreters.AbstractInterpreterManager.createInterpreterInfo(AbstractInterpreterManager.java:390)
	at org.python.pydev.editor.codecompletion.revisited.SynchSystemModulesManager$CreateInterpreterInfoCallback.createInterpreterInfo(SynchSystemModulesManager.java:173)
	at org.python.pydev.editor.codecompletion.revisited.SynchSystemModulesManager.updateStructures(SynchSystemModulesManager.java:252)
	at org.python.pydev.editor.codecompletion.revisited.SyncSystemModulesManagerScheduler$SynchJob.run(SyncSystemModulesManagerScheduler.java:238)
	at org.eclipse.core.internal.jobs.Worker.run(Worker.java:55)
Caused by: java.io.IOException: Cannot run program "C:\Users\Lucas Felipe Alves\AppData\Local\Programs\Python\Python36-32\python.exe": CreateProcess error=2, O sistema não pode encontrar o arquivo especificado
	at java.lang.ProcessBuilder.start(ProcessBuilder.java:1048)
	at java.lang.Runtime.exec(Runtime.java:620)
	at org.python.pydev.shared_core.process.ProcessUtils.createProcess(ProcessUtils.java:103)
	at org.python.pydev.runners.SimpleRunner.createProcess(SimpleRunner.java:51)
	at org.python.pydev.runners.SimpleRunner.run(SimpleRunner.java:310)
	... 10 more
Caused by: java.io.IOException: CreateProcess error=2, O sistema não pode encontrar o arquivo especificado
	at java.lang.ProcessImpl.create(Native Method)
	at java.lang.ProcessImpl.<init>(ProcessImpl.java:386)
	at java.lang.ProcessImpl.start(ProcessImpl.java:137)
	at java.lang.ProcessBuilder.start(ProcessBuilder.java:1029)
	... 14 more

!ENTRY org.python.pydev.shared_core 1 1 2017-01-17 14:26:09.116
!MESSAGE - Ok, file is non-null. Getting info on:python
- Beggining task:Getting libs totalWork:100
- Setting task name:Mounting executable string...
- Setting task name:Executing:  python -u "C:\Program Files\Brainwy\LiClipse 3.3.0\plugins\org.python.pydev_5.4.0.201611281405\pysrc\interpreterInfo.py"
- Setting task name:Making pythonpath environment... python -u "C:\Program Files\Brainwy\LiClipse 3.3.0\plugins\org.python.pydev_5.4.0.201611281405\pysrc\interpreterInfo.py"
- Setting task name:Making exec... python -u "C:\Program Files\Brainwy\LiClipse 3.3.0\plugins\org.python.pydev_5.4.0.201611281405\pysrc\interpreterInfo.py"
- Setting task name:Reading output...
- Setting task name:Waiting for process to finish.
- Success getting the info. Result:<xml>
<name>python1</name>
<version>3.6</version>
<executable>C:\Users\Lucas Felipe Alves\Desktop\Python - Pesquisa\Python36\python.exe</executable>
<lib>C:\Users\Lucas Felipe Alves\Desktop\Python - Pesquisa\Python36\DLLs</lib>
<lib>C:\Users\Lucas Felipe Alves\Desktop\Python - Pesquisa\Python36\lib</lib>
<lib>C:\Users\Lucas Felipe Alves\Desktop\Python - Pesquisa\Python36</lib>
<lib>C:\Users\Lucas Felipe Alves\Desktop\Python - Pesquisa\Python36\lib\site-packages</lib>
<forced_lib>Image</forced_lib>
<forced_lib>OpenGL</forced_lib>
<forced_lib>_ast</forced_lib>
<forced_lib>_bisect</forced_lib>
<forced_lib>_blake2</forced_lib>
<forced_lib>_bytesio</forced_lib>
<forced_lib>_codecs</forced_lib>
<forced_lib>_codecs_cn</forced_lib>
<forced_lib>_codecs_hk</forced_lib>
<forced_lib>_codecs_iso2022</forced_lib>
<forced_lib>_codecs_jp</forced_lib>
<forced_lib>_codecs_kr</forced_lib>
<forced_lib>_codecs_tw</forced_lib>
<forced_lib>_collections</forced_lib>
<forced_lib>_csv</forced_lib>
<forced_lib>_datetime</forced_lib>
<forced_lib>_fileio</forced_lib>
<forced_lib>_functools</forced_lib>
<forced_lib>_heapq</forced_lib>
<forced_lib>_hotshot</forced_lib>
<forced_lib>_imp</forced_lib>
<forced_lib>_io</forced_lib>
<forced_lib>_json</forced_lib>
<forced_lib>_locale</forced_lib>
<forced_lib>_lsprof</forced_lib>
<forced_lib>_md5</forced_lib>
<forced_lib>_multibytecodec</forced_lib>
<forced_lib>_opcode</forced_lib>
<forced_lib>_operator</forced_lib>
<forced_lib>_pickle</forced_lib>
<forced_lib>_random</forced_lib>
<forced_lib>_sha</forced_lib>
<forced_lib>_sha1</forced_lib>
<forced_lib>_sha256</forced_lib>
<forced_lib>_sha3</forced_lib>
<forced_lib>_sha512</forced_lib>
<forced_lib>_signal</forced_lib>
<forced_lib>_sre</forced_lib>
<forced_lib>_stat</forced_lib>
<forced_lib>_string</forced_lib>
<forced_lib>_struct</forced_lib>
<forced_lib>_subprocess</forced_lib>
<forced_lib>_symtable</forced_lib>
<forced_lib>_thread</forced_lib>
<forced_lib>_tracemalloc</forced_lib>
<forced_lib>_warnings</forced_lib>
<forced_lib>_weakref</forced_lib>
<forced_lib>_winapi</forced_lib>
<forced_lib>_winreg</forced_lib>
<forced_lib>array</forced_lib>
<forced_lib>atexit</forced_lib>
<forced_lib>audioop</forced_lib>
<forced_lib>binascii</forced_lib>
<forced_lib>builtins</forced_lib>
<forced_lib>cPickle</forced_lib>
<forced_lib>cStringIO</forced_lib>
<forced_lib>cmath</forced_lib>
<forced_lib>datetime</forced_lib>
<forced_lib>email</forced_lib>
<forced_lib>errno</forced_lib>
<forced_lib>exceptions</forced_lib>
<forced_lib>faulthandler</forced_lib>
<forced_lib>future_builtins</forced_lib>
<forced_lib>gc</forced_lib>
<forced_lib>gi</forced_lib>
<forced_lib>hashlib</forced_lib>
<forced_lib>imageop</forced_lib>
<forced_lib>imp</forced_lib>
<forced_lib>itertools</forced_lib>
<forced_lib>marshal</forced_lib>
<forced_lib>math</forced_lib>
<forced_lib>mmap</forced_lib>
<forced_lib>mock</forced_lib>
<forced_lib>msvcrt</forced_lib>
<forced_lib>multiprocessing</forced_lib>
<forced_lib>nt</forced_lib>
<forced_lib>numpy</forced_lib>
<forced_lib>operator</forced_lib>
<forced_lib>os</forced_lib>
<forced_lib>os.path</forced_lib>
<forced_lib>parser</forced_lib>
<forced_lib>pytest</forced_lib>
<forced_lib>scipy</forced_lib>
<forced_lib>signal</forced_lib>
<forced_lib>socket</forced_lib>
<forced_lib>ssl</forced_lib>
<forced_lib>strop</forced_lib>
<forced_lib>sys</forced_lib>
<forced_lib>thread</forced_lib>
<forced_lib>time</forced_lib>
<forced_lib>winreg</forced_lib>
<forced_lib>wx</forced_lib>
<forced_lib>wxPython</forced_lib>
<forced_lib>xxsubtype</forced_lib>
<forced_lib>zipimport</forced_lib>
<forced_lib>zlib</forced_lib>
</xml>

!STACK 0
java.lang.RuntimeException: - Ok, file is non-null. Getting info on:python
- Beggining task:Getting libs totalWork:100
- Setting task name:Mounting executable string...
- Setting task name:Executing:  python -u "C:\Program Files\Brainwy\LiClipse 3.3.0\plugins\org.python.pydev_5.4.0.201611281405\pysrc\interpreterInfo.py"
- Setting task name:Making pythonpath environment... python -u "C:\Program Files\Brainwy\LiClipse 3.3.0\plugins\org.python.pydev_5.4.0.201611281405\pysrc\interpreterInfo.py"
- Setting task name:Making exec... python -u "C:\Program Files\Brainwy\LiClipse 3.3.0\plugins\org.python.pydev_5.4.0.201611281405\pysrc\interpreterInfo.py"
- Setting task name:Reading output...
- Setting task name:Waiting for process to finish.
- Success getting the info. Result:<xml>
<name>python1</name>
<version>3.6</version>
<executable>C:\Users\Lucas Felipe Alves\Desktop\Python - Pesquisa\Python36\python.exe</executable>
<lib>C:\Users\Lucas Felipe Alves\Desktop\Python - Pesquisa\Python36\DLLs</lib>
<lib>C:\Users\Lucas Felipe Alves\Desktop\Python - Pesquisa\Python36\lib</lib>
<lib>C:\Users\Lucas Felipe Alves\Desktop\Python - Pesquisa\Python36</lib>
<lib>C:\Users\Lucas Felipe Alves\Desktop\Python - Pesquisa\Python36\lib\site-packages</lib>
<forced_lib>Image</forced_lib>
<forced_lib>OpenGL</forced_lib>
<forced_lib>_ast</forced_lib>
<forced_lib>_bisect</forced_lib>
<forced_lib>_blake2</forced_lib>
<forced_lib>_bytesio</forced_lib>
<forced_lib>_codecs</forced_lib>
<forced_lib>_codecs_cn</forced_lib>
<forced_lib>_codecs_hk</forced_lib>
<forced_lib>_codecs_iso2022</forced_lib>
<forced_lib>_codecs_jp</forced_lib>
<forced_lib>_codecs_kr</forced_lib>
<forced_lib>_codecs_tw</forced_lib>
<forced_lib>_collections</forced_lib>
<forced_lib>_csv</forced_lib>
<forced_lib>_datetime</forced_lib>
<forced_lib>_fileio</forced_lib>
<forced_lib>_functools</forced_lib>
<forced_lib>_heapq</forced_lib>
<forced_lib>_hotshot</forced_lib>
<forced_lib>_imp</forced_lib>
<forced_lib>_io</forced_lib>
<forced_lib>_json</forced_lib>
<forced_lib>_locale</forced_lib>
<forced_lib>_lsprof</forced_lib>
<forced_lib>_md5</forced_lib>
<forced_lib>_multibytecodec</forced_lib>
<forced_lib>_opcode</forced_lib>
<forced_lib>_operator</forced_lib>
<forced_lib>_pickle</forced_lib>
<forced_lib>_random</forced_lib>
<forced_lib>_sha</forced_lib>
<forced_lib>_sha1</forced_lib>
<forced_lib>_sha256</forced_lib>
<forced_lib>_sha3</forced_lib>
<forced_lib>_sha512</forced_lib>
<forced_lib>_signal</forced_lib>
<forced_lib>_sre</forced_lib>
<forced_lib>_stat</forced_lib>
<forced_lib>_string</forced_lib>
<forced_lib>_struct</forced_lib>
<forced_lib>_subprocess</forced_lib>
<forced_lib>_symtable</forced_lib>
<forced_lib>_thread</forced_lib>
<forced_lib>_tracemalloc</forced_lib>
<forced_lib>_warnings</forced_lib>
<forced_lib>_weakref</forced_lib>
<forced_lib>_winapi</forced_lib>
<forced_lib>_winreg</forced_lib>
<forced_lib>array</forced_lib>
<forced_lib>atexit</forced_lib>
<forced_lib>audioop</forced_lib>
<forced_lib>binascii</forced_lib>
<forced_lib>builtins</forced_lib>
<forced_lib>cPickle</forced_lib>
<forced_lib>cStringIO</forced_lib>
<forced_lib>cmath</forced_lib>
<forced_lib>datetime</forced_lib>
<forced_lib>email</forced_lib>
<forced_lib>errno</forced_lib>
<forced_lib>exceptions</forced_lib>
<forced_lib>faulthandler</forced_lib>
<forced_lib>future_builtins</forced_lib>
<forced_lib>gc</forced_lib>
<forced_lib>gi</forced_lib>
<forced_lib>hashlib</forced_lib>
<forced_lib>imageop</forced_lib>
<forced_lib>imp</forced_lib>
<forced_lib>itertools</forced_lib>
<forced_lib>marshal</forced_lib>
<forced_lib>math</forced_lib>
<forced_lib>mmap</forced_lib>
<forced_lib>mock</forced_lib>
<forced_lib>msvcrt</forced_lib>
<forced_lib>multiprocessing</forced_lib>
<forced_lib>nt</forced_lib>
<forced_lib>numpy</forced_lib>
<forced_lib>operator</forced_lib>
<forced_lib>os</forced_lib>
<forced_lib>os.path</forced_lib>
<forced_lib>parser</forced_lib>
<forced_lib>pytest</forced_lib>
<forced_lib>scipy</forced_lib>
<forced_lib>signal</forced_lib>
<forced_lib>socket</forced_lib>
<forced_lib>ssl</forced_lib>
<forced_lib>strop</forced_lib>
<forced_lib>sys</forced_lib>
<forced_lib>thread</forced_lib>
<forced_lib>time</forced_lib>
<forced_lib>winreg</forced_lib>
<forced_lib>wx</forced_lib>
<forced_lib>wxPython</forced_lib>
<forced_lib>xxsubtype</forced_lib>
<forced_lib>zipimport</forced_lib>
<forced_lib>zlib</forced_lib>
</xml>

	at org.python.pydev.core.log.Log.logInfo(Log.java:66)
	at org.python.pydev.ui.pythonpathconf.AbstractInterpreterEditor.getNewInputObject(AbstractInterpreterEditor.java:990)
	at org.python.copiedfromeclipsesrc.PythonListEditor.addPressed(PythonListEditor.java:132)
	at org.python.copiedfromeclipsesrc.PythonListEditor$1.widgetSelected(PythonListEditor.java:227)
	at org.eclipse.swt.widgets.TypedListener.handleEvent(TypedListener.java:249)
	at org.eclipse.swt.widgets.EventTable.sendEvent(EventTable.java:84)
	at org.eclipse.swt.widgets.Display.sendEvent(Display.java:4410)
	at org.eclipse.swt.widgets.Widget.sendEvent(Widget.java:1079)
	at org.eclipse.swt.widgets.Display.runDeferredEvents(Display.java:4228)
	at org.eclipse.swt.widgets.Display.readAndDispatch(Display.java:3816)
	at org.eclipse.jface.window.Window.runEventLoop(Window.java:818)
	at org.eclipse.jface.window.Window.open(Window.java:794)
	at org.eclipse.ui.internal.dialogs.WorkbenchPreferenceDialog.open(WorkbenchPreferenceDialog.java:211)
	at org.python.pydev.ui.PyProjectPythonDetails$ProjectInterpreterAndGrammarConfig$2.widgetSelected(PyProjectPythonDetails.java:244)
	at org.eclipse.swt.widgets.TypedListener.handleEvent(TypedListener.java:249)
	at org.eclipse.swt.widgets.EventTable.sendEvent(EventTable.java:84)
	at org.eclipse.swt.widgets.Display.sendEvent(Display.java:4410)
	at org.eclipse.swt.widgets.Widget.sendEvent(Widget.java:1079)
	at org.eclipse.swt.widgets.Widget.sendEvent(Widget.java:1103)
	at org.eclipse.swt.widgets.Widget.sendSelectionEvent(Widget.java:1120)
	at org.eclipse.swt.widgets.Link.WM_LBUTTONUP(Link.java:1035)
	at org.eclipse.swt.widgets.Control.windowProc(Control.java:4828)
	at org.eclipse.swt.widgets.Display.windowProc(Display.java:5102)
	at org.eclipse.swt.internal.win32.OS.DispatchMessageW(Native Method)
	at org.eclipse.swt.internal.win32.OS.DispatchMessage(OS.java:2552)
	at org.eclipse.swt.widgets.Display.readAndDispatch(Display.java:3814)
	at org.eclipse.jface.window.Window.runEventLoop(Window.java:818)
	at org.eclipse.jface.window.Window.open(Window.java:794)
	at org.eclipse.ui.internal.actions.NewWizardShortcutAction.run(NewWizardShortcutAction.java:133)
	at org.eclipse.jface.action.Action.runWithEvent(Action.java:473)
	at org.eclipse.jface.action.ActionContributionItem.handleWidgetSelection(ActionContributionItem.java:565)
	at org.eclipse.jface.action.ActionContributionItem.lambda$4(ActionContributionItem.java:397)
	at org.eclipse.swt.widgets.EventTable.sendEvent(EventTable.java:84)
	at org.eclipse.swt.widgets.Display.sendEvent(Display.java:4410)
	at org.eclipse.swt.widgets.Widget.sendEvent(Widget.java:1079)
	at org.eclipse.swt.widgets.Display.runDeferredEvents(Display.java:4228)
	at org.eclipse.swt.widgets.Display.readAndDispatch(Display.java:3816)
	at org.eclipse.e4.ui.internal.workbench.swt.PartRenderingEngine$4.run(PartRenderingEngine.java:1121)
	at org.eclipse.core.databinding.observable.Realm.runWithDefault(Realm.java:336)
	at org.eclipse.e4.ui.internal.workbench.swt.PartRenderingEngine.run(PartRenderingEngine.java:1022)
	at org.eclipse.e4.ui.internal.workbench.E4Workbench.createAndRunUI(E4Workbench.java:150)
	at org.eclipse.ui.internal.Workbench$5.run(Workbench.java:687)
	at org.eclipse.core.databinding.observable.Realm.runWithDefault(Realm.java:336)
	at org.eclipse.ui.internal.Workbench.createAndRunWorkbench(Workbench.java:604)
	at org.eclipse.ui.PlatformUI.createAndRunWorkbench(PlatformUI.java:148)
	at com.brainwy.liclipse.rcp.IDEApplication.start(IDEApplication.java:210)
	at org.eclipse.equinox.internal.app.EclipseAppHandle.run(EclipseAppHandle.java:196)
	at org.eclipse.core.runtime.internal.adaptor.EclipseAppLauncher.runApplication(EclipseAppLauncher.java:134)
	at org.eclipse.core.runtime.internal.adaptor.EclipseAppLauncher.start(EclipseAppLauncher.java:104)
	at org.eclipse.core.runtime.adaptor.EclipseStarter.run(EclipseStarter.java:388)
	at org.eclipse.core.runtime.adaptor.EclipseStarter.run(EclipseStarter.java:243)
	at sun.reflect.NativeMethodAccessorImpl.invoke0(Native Method)
	at sun.reflect.NativeMethodAccessorImpl.invoke(NativeMethodAccessorImpl.java:62)
	at sun.reflect.DelegatingMethodAccessorImpl.invoke(DelegatingMethodAccessorImpl.java:43)
	at java.lang.reflect.Method.invoke(Method.java:498)
	at org.eclipse.equinox.launcher.Main.invokeFramework(Main.java:673)
	at org.eclipse.equinox.launcher.Main.basicRun(Main.java:610)
	at org.eclipse.equinox.launcher.Main.run(Main.java:1519)

!ENTRY org.python.pydev.shared_core 4 4 2017-01-17 14:28:24.893
!MESSAGE Info: Rebuilding internal caches: C:\Users\Lucas Felipe Alves\Desktop\Python - Pesquisa\LiClipse Workspace\.metadata\.plugins\org.eclipse.core.resources\.projects\ProjetoTeste\com.python.pydev.analysis\AdditionalProjectInterpreterInfo.pydevinfo (Expected error to be provided and got no error!)

!ENTRY org.python.pydev.shared_core 4 4 2017-01-17 14:38:15.686
!MESSAGE java.io.IOException: Cannot run program "C:\Users\Lucas Felipe Alves\AppData\Local\Programs\Python\Python36-32\python.exe": CreateProcess error=2, O sistema não pode encontrar o arquivo especificado
!STACK 0
java.lang.RuntimeException: java.io.IOException: Cannot run program "C:\Users\Lucas Felipe Alves\AppData\Local\Programs\Python\Python36-32\python.exe": CreateProcess error=2, O sistema não pode encontrar o arquivo especificado
	at org.python.pydev.runners.SimpleRunner.run(SimpleRunner.java:312)
	at org.python.pydev.runners.SimpleRunner.run(SimpleRunner.java:278)
	at org.python.pydev.runners.SimpleRunner.runAndGetOutput(SimpleRunner.java:329)
	at org.python.pydev.runners.SimplePythonRunner.runAndGetOutputWithInterpreter(SimplePythonRunner.java:95)
	at org.python.pydev.ui.interpreters.PythonInterpreterManager.doCreateInterpreterInfo(PythonInterpreterManager.java:68)
	at org.python.pydev.ui.interpreters.PythonInterpreterManager.internalCreateInterpreterInfo(PythonInterpreterManager.java:44)
	at org.python.pydev.ui.interpreters.AbstractInterpreterManager.createInterpreterInfo(AbstractInterpreterManager.java:390)
	at org.python.pydev.editor.codecompletion.revisited.SynchSystemModulesManager$CreateInterpreterInfoCallback.createInterpreterInfo(SynchSystemModulesManager.java:173)
	at org.python.pydev.editor.codecompletion.revisited.SynchSystemModulesManager.updateStructures(SynchSystemModulesManager.java:252)
	at org.python.pydev.editor.codecompletion.revisited.SyncSystemModulesManagerScheduler$SynchJob.run(SyncSystemModulesManagerScheduler.java:238)
	at org.eclipse.core.internal.jobs.Worker.run(Worker.java:55)
Caused by: java.io.IOException: Cannot run program "C:\Users\Lucas Felipe Alves\AppData\Local\Programs\Python\Python36-32\python.exe": CreateProcess error=2, O sistema não pode encontrar o arquivo especificado
	at java.lang.ProcessBuilder.start(ProcessBuilder.java:1048)
	at java.lang.Runtime.exec(Runtime.java:620)
	at org.python.pydev.shared_core.process.ProcessUtils.createProcess(ProcessUtils.java:103)
	at org.python.pydev.runners.SimpleRunner.createProcess(SimpleRunner.java:51)
	at org.python.pydev.runners.SimpleRunner.run(SimpleRunner.java:310)
	... 10 more
Caused by: java.io.IOException: CreateProcess error=2, O sistema não pode encontrar o arquivo especificado
	at java.lang.ProcessImpl.create(Native Method)
	at java.lang.ProcessImpl.<init>(ProcessImpl.java:386)
	at java.lang.ProcessImpl.start(ProcessImpl.java:137)
	at java.lang.ProcessBuilder.start(ProcessBuilder.java:1029)
	... 14 more

!ENTRY org.python.pydev.shared_core 1 1 2017-01-17 14:38:39.226
!MESSAGE - Ok, file is non-null. Getting info on:python
- Beggining task:Getting libs totalWork:100
- Setting task name:Mounting executable string...
- Setting task name:Executing:  python -u "C:\Program Files\Brainwy\LiClipse 3.3.0\plugins\org.python.pydev_5.4.0.201611281405\pysrc\interpreterInfo.py"
- Setting task name:Making pythonpath environment... python -u "C:\Program Files\Brainwy\LiClipse 3.3.0\plugins\org.python.pydev_5.4.0.201611281405\pysrc\interpreterInfo.py"
- Setting task name:Making exec... python -u "C:\Program Files\Brainwy\LiClipse 3.3.0\plugins\org.python.pydev_5.4.0.201611281405\pysrc\interpreterInfo.py"
- Setting task name:Reading output...
- Setting task name:Waiting for process to finish.
- Success getting the info. Result:<xml>
<name>python1</name>
<version>3.6</version>
<executable>C:\Users\Lucas Felipe Alves\Desktop\Python - Pesquisa\Python36\python.exe</executable>
<lib>C:\Users\Lucas Felipe Alves\Desktop\Python - Pesquisa\Python36\DLLs</lib>
<lib>C:\Users\Lucas Felipe Alves\Desktop\Python - Pesquisa\Python36\lib</lib>
<lib>C:\Users\Lucas Felipe Alves\Desktop\Python - Pesquisa\Python36</lib>
<lib>C:\Users\Lucas Felipe Alves\Desktop\Python - Pesquisa\Python36\lib\site-packages</lib>
<forced_lib>Image</forced_lib>
<forced_lib>OpenGL</forced_lib>
<forced_lib>_ast</forced_lib>
<forced_lib>_bisect</forced_lib>
<forced_lib>_blake2</forced_lib>
<forced_lib>_bytesio</forced_lib>
<forced_lib>_codecs</forced_lib>
<forced_lib>_codecs_cn</forced_lib>
<forced_lib>_codecs_hk</forced_lib>
<forced_lib>_codecs_iso2022</forced_lib>
<forced_lib>_codecs_jp</forced_lib>
<forced_lib>_codecs_kr</forced_lib>
<forced_lib>_codecs_tw</forced_lib>
<forced_lib>_collections</forced_lib>
<forced_lib>_csv</forced_lib>
<forced_lib>_datetime</forced_lib>
<forced_lib>_fileio</forced_lib>
<forced_lib>_functools</forced_lib>
<forced_lib>_heapq</forced_lib>
<forced_lib>_hotshot</forced_lib>
<forced_lib>_imp</forced_lib>
<forced_lib>_io</forced_lib>
<forced_lib>_json</forced_lib>
<forced_lib>_locale</forced_lib>
<forced_lib>_lsprof</forced_lib>
<forced_lib>_md5</forced_lib>
<forced_lib>_multibytecodec</forced_lib>
<forced_lib>_opcode</forced_lib>
<forced_lib>_operator</forced_lib>
<forced_lib>_pickle</forced_lib>
<forced_lib>_random</forced_lib>
<forced_lib>_sha</forced_lib>
<forced_lib>_sha1</forced_lib>
<forced_lib>_sha256</forced_lib>
<forced_lib>_sha3</forced_lib>
<forced_lib>_sha512</forced_lib>
<forced_lib>_signal</forced_lib>
<forced_lib>_sre</forced_lib>
<forced_lib>_stat</forced_lib>
<forced_lib>_string</forced_lib>
<forced_lib>_struct</forced_lib>
<forced_lib>_subprocess</forced_lib>
<forced_lib>_symtable</forced_lib>
<forced_lib>_thread</forced_lib>
<forced_lib>_tracemalloc</forced_lib>
<forced_lib>_warnings</forced_lib>
<forced_lib>_weakref</forced_lib>
<forced_lib>_winapi</forced_lib>
<forced_lib>_winreg</forced_lib>
<forced_lib>array</forced_lib>
<forced_lib>atexit</forced_lib>
<forced_lib>audioop</forced_lib>
<forced_lib>binascii</forced_lib>
<forced_lib>builtins</forced_lib>
<forced_lib>cPickle</forced_lib>
<forced_lib>cStringIO</forced_lib>
<forced_lib>cmath</forced_lib>
<forced_lib>datetime</forced_lib>
<forced_lib>email</forced_lib>
<forced_lib>errno</forced_lib>
<forced_lib>exceptions</forced_lib>
<forced_lib>faulthandler</forced_lib>
<forced_lib>future_builtins</forced_lib>
<forced_lib>gc</forced_lib>
<forced_lib>gi</forced_lib>
<forced_lib>hashlib</forced_lib>
<forced_lib>imageop</forced_lib>
<forced_lib>imp</forced_lib>
<forced_lib>itertools</forced_lib>
<forced_lib>marshal</forced_lib>
<forced_lib>math</forced_lib>
<forced_lib>mmap</forced_lib>
<forced_lib>mock</forced_lib>
<forced_lib>msvcrt</forced_lib>
<forced_lib>multiprocessing</forced_lib>
<forced_lib>nt</forced_lib>
<forced_lib>numpy</forced_lib>
<forced_lib>operator</forced_lib>
<forced_lib>os</forced_lib>
<forced_lib>os.path</forced_lib>
<forced_lib>parser</forced_lib>
<forced_lib>pytest</forced_lib>
<forced_lib>scipy</forced_lib>
<forced_lib>signal</forced_lib>
<forced_lib>socket</forced_lib>
<forced_lib>ssl</forced_lib>
<forced_lib>strop</forced_lib>
<forced_lib>sys</forced_lib>
<forced_lib>thread</forced_lib>
<forced_lib>time</forced_lib>
<forced_lib>winreg</forced_lib>
<forced_lib>wx</forced_lib>
<forced_lib>wxPython</forced_lib>
<forced_lib>xxsubtype</forced_lib>
<forced_lib>zipimport</forced_lib>
<forced_lib>zlib</forced_lib>
</xml>
- Ok, file is non-null. Getting info on:python
- Beggining task:Getting libs totalWork:100
- Setting task name:Mounting executable string...
- Setting task name:Executing:  python -u "C:\Program Files\Brainwy\LiClipse 3.3.0\plugins\org.python.pydev_5.4.0.201611281405\pysrc\interpreterInfo.py"
- Setting task name:Making pythonpath environment... python -u "C:\Program Files\Brainwy\LiClipse 3.3.0\plugins\org.python.pydev_5.4.0.201611281405\pysrc\interpreterInfo.py"
- Setting task name:Making exec... python -u "C:\Program Files\Brainwy\LiClipse 3.3.0\plugins\org.python.pydev_5.4.0.201611281405\pysrc\interpreterInfo.py"
- Setting task name:Reading output...
- Setting task name:Waiting for process to finish.
- Success getting the info. Result:<xml>
<name>python1</name>
<version>3.6</version>
<executable>C:\Users\Lucas Felipe Alves\Desktop\Python - Pesquisa\Python36\python.exe</executable>
<lib>C:\Users\Lucas Felipe Alves\Desktop\Python - Pesquisa\Python36\DLLs</lib>
<lib>C:\Users\Lucas Felipe Alves\Desktop\Python - Pesquisa\Python36\lib</lib>
<lib>C:\Users\Lucas Felipe Alves\Desktop\Python - Pesquisa\Python36</lib>
<lib>C:\Users\Lucas Felipe Alves\Desktop\Python - Pesquisa\Python36\lib\site-packages</lib>
<forced_lib>Image</forced_lib>
<forced_lib>OpenGL</forced_lib>
<forced_lib>_ast</forced_lib>
<forced_lib>_bisect</forced_lib>
<forced_lib>_blake2</forced_lib>
<forced_lib>_bytesio</forced_lib>
<forced_lib>_codecs</forced_lib>
<forced_lib>_codecs_cn</forced_lib>
<forced_lib>_codecs_hk</forced_lib>
<forced_lib>_codecs_iso2022</forced_lib>
<forced_lib>_codecs_jp</forced_lib>
<forced_lib>_codecs_kr</forced_lib>
<forced_lib>_codecs_tw</forced_lib>
<forced_lib>_collections</forced_lib>
<forced_lib>_csv</forced_lib>
<forced_lib>_datetime</forced_lib>
<forced_lib>_fileio</forced_lib>
<forced_lib>_functools</forced_lib>
<forced_lib>_heapq</forced_lib>
<forced_lib>_hotshot</forced_lib>
<forced_lib>_imp</forced_lib>
<forced_lib>_io</forced_lib>
<forced_lib>_json</forced_lib>
<forced_lib>_locale</forced_lib>
<forced_lib>_lsprof</forced_lib>
<forced_lib>_md5</forced_lib>
<forced_lib>_multibytecodec</forced_lib>
<forced_lib>_opcode</forced_lib>
<forced_lib>_operator</forced_lib>
<forced_lib>_pickle</forced_lib>
<forced_lib>_random</forced_lib>
<forced_lib>_sha</forced_lib>
<forced_lib>_sha1</forced_lib>
<forced_lib>_sha256</forced_lib>
<forced_lib>_sha3</forced_lib>
<forced_lib>_sha512</forced_lib>
<forced_lib>_signal</forced_lib>
<forced_lib>_sre</forced_lib>
<forced_lib>_stat</forced_lib>
<forced_lib>_string</forced_lib>
<forced_lib>_struct</forced_lib>
<forced_lib>_subprocess</forced_lib>
<forced_lib>_symtable</forced_lib>
<forced_lib>_thread</forced_lib>
<forced_lib>_tracemalloc</forced_lib>
<forced_lib>_warnings</forced_lib>
<forced_lib>_weakref</forced_lib>
<forced_lib>_winapi</forced_lib>
<forced_lib>_winreg</forced_lib>
<forced_lib>array</forced_lib>
<forced_lib>atexit</forced_lib>
<forced_lib>audioop</forced_lib>
<forced_lib>binascii</forced_lib>
<forced_lib>builtins</forced_lib>
<forced_lib>cPickle</forced_lib>
<forced_lib>cStringIO</forced_lib>
<forced_lib>cmath</forced_lib>
<forced_lib>datetime</forced_lib>
<forced_lib>email</forced_lib>
<forced_lib>errno</forced_lib>
<forced_lib>exceptions</forced_lib>
<forced_lib>faulthandler</forced_lib>
<forced_lib>future_builtins</forced_lib>
<forced_lib>gc</forced_lib>
<forced_lib>gi</forced_lib>
<forced_lib>hashlib</forced_lib>
<forced_lib>imageop</forced_lib>
<forced_lib>imp</forced_lib>
<forced_lib>itertools</forced_lib>
<forced_lib>marshal</forced_lib>
<forced_lib>math</forced_lib>
<forced_lib>mmap</forced_lib>
<forced_lib>mock</forced_lib>
<forced_lib>msvcrt</forced_lib>
<forced_lib>multiprocessing</forced_lib>
<forced_lib>nt</forced_lib>
<forced_lib>numpy</forced_lib>
<forced_lib>operator</forced_lib>
<forced_lib>os</forced_lib>
<forced_lib>os.path</forced_lib>
<forced_lib>parser</forced_lib>
<forced_lib>pytest</forced_lib>
<forced_lib>scipy</forced_lib>
<forced_lib>signal</forced_lib>
<forced_lib>socket</forced_lib>
<forced_lib>ssl</forced_lib>
<forced_lib>strop</forced_lib>
<forced_lib>sys</forced_lib>
<forced_lib>thread</forced_lib>
<forced_lib>time</forced_lib>
<forced_lib>winreg</forced_lib>
<forced_lib>wx</forced_lib>
<forced_lib>wxPython</forced_lib>
<forced_lib>xxsubtype</forced_lib>
<forced_lib>zipimport</forced_lib>
<forced_lib>zlib</forced_lib>
</xml>

!STACK 0
java.lang.RuntimeException: - Ok, file is non-null. Getting info on:python
- Beggining task:Getting libs totalWork:100
- Setting task name:Mounting executable string...
- Setting task name:Executing:  python -u "C:\Program Files\Brainwy\LiClipse 3.3.0\plugins\org.python.pydev_5.4.0.201611281405\pysrc\interpreterInfo.py"
- Setting task name:Making pythonpath environment... python -u "C:\Program Files\Brainwy\LiClipse 3.3.0\plugins\org.python.pydev_5.4.0.201611281405\pysrc\interpreterInfo.py"
- Setting task name:Making exec... python -u "C:\Program Files\Brainwy\LiClipse 3.3.0\plugins\org.python.pydev_5.4.0.201611281405\pysrc\interpreterInfo.py"
- Setting task name:Reading output...
- Setting task name:Waiting for process to finish.
- Success getting the info. Result:<xml>
<name>python1</name>
<version>3.6</version>
<executable>C:\Users\Lucas Felipe Alves\Desktop\Python - Pesquisa\Python36\python.exe</executable>
<lib>C:\Users\Lucas Felipe Alves\Desktop\Python - Pesquisa\Python36\DLLs</lib>
<lib>C:\Users\Lucas Felipe Alves\Desktop\Python - Pesquisa\Python36\lib</lib>
<lib>C:\Users\Lucas Felipe Alves\Desktop\Python - Pesquisa\Python36</lib>
<lib>C:\Users\Lucas Felipe Alves\Desktop\Python - Pesquisa\Python36\lib\site-packages</lib>
<forced_lib>Image</forced_lib>
<forced_lib>OpenGL</forced_lib>
<forced_lib>_ast</forced_lib>
<forced_lib>_bisect</forced_lib>
<forced_lib>_blake2</forced_lib>
<forced_lib>_bytesio</forced_lib>
<forced_lib>_codecs</forced_lib>
<forced_lib>_codecs_cn</forced_lib>
<forced_lib>_codecs_hk</forced_lib>
<forced_lib>_codecs_iso2022</forced_lib>
<forced_lib>_codecs_jp</forced_lib>
<forced_lib>_codecs_kr</forced_lib>
<forced_lib>_codecs_tw</forced_lib>
<forced_lib>_collections</forced_lib>
<forced_lib>_csv</forced_lib>
<forced_lib>_datetime</forced_lib>
<forced_lib>_fileio</forced_lib>
<forced_lib>_functools</forced_lib>
<forced_lib>_heapq</forced_lib>
<forced_lib>_hotshot</forced_lib>
<forced_lib>_imp</forced_lib>
<forced_lib>_io</forced_lib>
<forced_lib>_json</forced_lib>
<forced_lib>_locale</forced_lib>
<forced_lib>_lsprof</forced_lib>
<forced_lib>_md5</forced_lib>
<forced_lib>_multibytecodec</forced_lib>
<forced_lib>_opcode</forced_lib>
<forced_lib>_operator</forced_lib>
<forced_lib>_pickle</forced_lib>
<forced_lib>_random</forced_lib>
<forced_lib>_sha</forced_lib>
<forced_lib>_sha1</forced_lib>
<forced_lib>_sha256</forced_lib>
<forced_lib>_sha3</forced_lib>
<forced_lib>_sha512</forced_lib>
<forced_lib>_signal</forced_lib>
<forced_lib>_sre</forced_lib>
<forced_lib>_stat</forced_lib>
<forced_lib>_string</forced_lib>
<forced_lib>_struct</forced_lib>
<forced_lib>_subprocess</forced_lib>
<forced_lib>_symtable</forced_lib>
<forced_lib>_thread</forced_lib>
<forced_lib>_tracemalloc</forced_lib>
<forced_lib>_warnings</forced_lib>
<forced_lib>_weakref</forced_lib>
<forced_lib>_winapi</forced_lib>
<forced_lib>_winreg</forced_lib>
<forced_lib>array</forced_lib>
<forced_lib>atexit</forced_lib>
<forced_lib>audioop</forced_lib>
<forced_lib>binascii</forced_lib>
<forced_lib>builtins</forced_lib>
<forced_lib>cPickle</forced_lib>
<forced_lib>cStringIO</forced_lib>
<forced_lib>cmath</forced_lib>
<forced_lib>datetime</forced_lib>
<forced_lib>email</forced_lib>
<forced_lib>errno</forced_lib>
<forced_lib>exceptions</forced_lib>
<forced_lib>faulthandler</forced_lib>
<forced_lib>future_builtins</forced_lib>
<forced_lib>gc</forced_lib>
<forced_lib>gi</forced_lib>
<forced_lib>hashlib</forced_lib>
<forced_lib>imageop</forced_lib>
<forced_lib>imp</forced_lib>
<forced_lib>itertools</forced_lib>
<forced_lib>marshal</forced_lib>
<forced_lib>math</forced_lib>
<forced_lib>mmap</forced_lib>
<forced_lib>mock</forced_lib>
<forced_lib>msvcrt</forced_lib>
<forced_lib>multiprocessing</forced_lib>
<forced_lib>nt</forced_lib>
<forced_lib>numpy</forced_lib>
<forced_lib>operator</forced_lib>
<forced_lib>os</forced_lib>
<forced_lib>os.path</forced_lib>
<forced_lib>parser</forced_lib>
<forced_lib>pytest</forced_lib>
<forced_lib>scipy</forced_lib>
<forced_lib>signal</forced_lib>
<forced_lib>socket</forced_lib>
<forced_lib>ssl</forced_lib>
<forced_lib>strop</forced_lib>
<forced_lib>sys</forced_lib>
<forced_lib>thread</forced_lib>
<forced_lib>time</forced_lib>
<forced_lib>winreg</forced_lib>
<forced_lib>wx</forced_lib>
<forced_lib>wxPython</forced_lib>
<forced_lib>xxsubtype</forced_lib>
<forced_lib>zipimport</forced_lib>
<forced_lib>zlib</forced_lib>
</xml>
- Ok, file is non-null. Getting info on:python
- Beggining task:Getting libs totalWork:100
- Setting task name:Mounting executable string...
- Setting task name:Executing:  python -u "C:\Program Files\Brainwy\LiClipse 3.3.0\plugins\org.python.pydev_5.4.0.201611281405\pysrc\interpreterInfo.py"
- Setting task name:Making pythonpath environment... python -u "C:\Program Files\Brainwy\LiClipse 3.3.0\plugins\org.python.pydev_5.4.0.201611281405\pysrc\interpreterInfo.py"
- Setting task name:Making exec... python -u "C:\Program Files\Brainwy\LiClipse 3.3.0\plugins\org.python.pydev_5.4.0.201611281405\pysrc\interpreterInfo.py"
- Setting task name:Reading output...
- Setting task name:Waiting for process to finish.
- Success getting the info. Result:<xml>
<name>python1</name>
<version>3.6</version>
<executable>C:\Users\Lucas Felipe Alves\Desktop\Python - Pesquisa\Python36\python.exe</executable>
<lib>C:\Users\Lucas Felipe Alves\Desktop\Python - Pesquisa\Python36\DLLs</lib>
<lib>C:\Users\Lucas Felipe Alves\Desktop\Python - Pesquisa\Python36\lib</lib>
<lib>C:\Users\Lucas Felipe Alves\Desktop\Python - Pesquisa\Python36</lib>
<lib>C:\Users\Lucas Felipe Alves\Desktop\Python - Pesquisa\Python36\lib\site-packages</lib>
<forced_lib>Image</forced_lib>
<forced_lib>OpenGL</forced_lib>
<forced_lib>_ast</forced_lib>
<forced_lib>_bisect</forced_lib>
<forced_lib>_blake2</forced_lib>
<forced_lib>_bytesio</forced_lib>
<forced_lib>_codecs</forced_lib>
<forced_lib>_codecs_cn</forced_lib>
<forced_lib>_codecs_hk</forced_lib>
<forced_lib>_codecs_iso2022</forced_lib>
<forced_lib>_codecs_jp</forced_lib>
<forced_lib>_codecs_kr</forced_lib>
<forced_lib>_codecs_tw</forced_lib>
<forced_lib>_collections</forced_lib>
<forced_lib>_csv</forced_lib>
<forced_lib>_datetime</forced_lib>
<forced_lib>_fileio</forced_lib>
<forced_lib>_functools</forced_lib>
<forced_lib>_heapq</forced_lib>
<forced_lib>_hotshot</forced_lib>
<forced_lib>_imp</forced_lib>
<forced_lib>_io</forced_lib>
<forced_lib>_json</forced_lib>
<forced_lib>_locale</forced_lib>
<forced_lib>_lsprof</forced_lib>
<forced_lib>_md5</forced_lib>
<forced_lib>_multibytecodec</forced_lib>
<forced_lib>_opcode</forced_lib>
<forced_lib>_operator</forced_lib>
<forced_lib>_pickle</forced_lib>
<forced_lib>_random</forced_lib>
<forced_lib>_sha</forced_lib>
<forced_lib>_sha1</forced_lib>
<forced_lib>_sha256</forced_lib>
<forced_lib>_sha3</forced_lib>
<forced_lib>_sha512</forced_lib>
<forced_lib>_signal</forced_lib>
<forced_lib>_sre</forced_lib>
<forced_lib>_stat</forced_lib>
<forced_lib>_string</forced_lib>
<forced_lib>_struct</forced_lib>
<forced_lib>_subprocess</forced_lib>
<forced_lib>_symtable</forced_lib>
<forced_lib>_thread</forced_lib>
<forced_lib>_tracemalloc</forced_lib>
<forced_lib>_warnings</forced_lib>
<forced_lib>_weakref</forced_lib>
<forced_lib>_winapi</forced_lib>
<forced_lib>_winreg</forced_lib>
<forced_lib>array</forced_lib>
<forced_lib>atexit</forced_lib>
<forced_lib>audioop</forced_lib>
<forced_lib>binascii</forced_lib>
<forced_lib>builtins</forced_lib>
<forced_lib>cPickle</forced_lib>
<forced_lib>cStringIO</forced_lib>
<forced_lib>cmath</forced_lib>
<forced_lib>datetime</forced_lib>
<forced_lib>email</forced_lib>
<forced_lib>errno</forced_lib>
<forced_lib>exceptions</forced_lib>
<forced_lib>faulthandler</forced_lib>
<forced_lib>future_builtins</forced_lib>
<forced_lib>gc</forced_lib>
<forced_lib>gi</forced_lib>
<forced_lib>hashlib</forced_lib>
<forced_lib>imageop</forced_lib>
<forced_lib>imp</forced_lib>
<forced_lib>itertools</forced_lib>
<forced_lib>marshal</forced_lib>
<forced_lib>math</forced_lib>
<forced_lib>mmap</forced_lib>
<forced_lib>mock</forced_lib>
<forced_lib>msvcrt</forced_lib>
<forced_lib>multiprocessing</forced_lib>
<forced_lib>nt</forced_lib>
<forced_lib>numpy</forced_lib>
<forced_lib>operator</forced_lib>
<forced_lib>os</forced_lib>
<forced_lib>os.path</forced_lib>
<forced_lib>parser</forced_lib>
<forced_lib>pytest</forced_lib>
<forced_lib>scipy</forced_lib>
<forced_lib>signal</forced_lib>
<forced_lib>socket</forced_lib>
<forced_lib>ssl</forced_lib>
<forced_lib>strop</forced_lib>
<forced_lib>sys</forced_lib>
<forced_lib>thread</forced_lib>
<forced_lib>time</forced_lib>
<forced_lib>winreg</forced_lib>
<forced_lib>wx</forced_lib>
<forced_lib>wxPython</forced_lib>
<forced_lib>xxsubtype</forced_lib>
<forced_lib>zipimport</forced_lib>
<forced_lib>zlib</forced_lib>
</xml>

	at org.python.pydev.core.log.Log.logInfo(Log.java:66)
	at org.python.pydev.ui.pythonpathconf.AbstractInterpreterEditor.getNewInputObject(AbstractInterpreterEditor.java:990)
	at org.python.copiedfromeclipsesrc.PythonListEditor.addPressed(PythonListEditor.java:132)
	at org.python.copiedfromeclipsesrc.PythonListEditor$1.widgetSelected(PythonListEditor.java:229)
	at org.eclipse.swt.widgets.TypedListener.handleEvent(TypedListener.java:249)
	at org.eclipse.swt.widgets.EventTable.sendEvent(EventTable.java:84)
	at org.eclipse.swt.widgets.Display.sendEvent(Display.java:4410)
	at org.eclipse.swt.widgets.Widget.sendEvent(Widget.java:1079)
	at org.eclipse.swt.widgets.Display.runDeferredEvents(Display.java:4228)
	at org.eclipse.swt.widgets.Display.readAndDispatch(Display.java:3816)
	at org.eclipse.jface.window.Window.runEventLoop(Window.java:818)
	at org.eclipse.jface.window.Window.open(Window.java:794)
	at org.python.pydev.plugin.preferences.PydevRootPrefs$1.widgetSelected(PydevRootPrefs.java:59)
	at org.eclipse.swt.widgets.TypedListener.handleEvent(TypedListener.java:249)
	at org.eclipse.swt.widgets.EventTable.sendEvent(EventTable.java:84)
	at org.eclipse.swt.widgets.Display.sendEvent(Display.java:4410)
	at org.eclipse.swt.widgets.Widget.sendEvent(Widget.java:1079)
	at org.eclipse.swt.widgets.Display.runDeferredEvents(Display.java:4228)
	at org.eclipse.swt.widgets.Display.readAndDispatch(Display.java:3816)
	at org.eclipse.jface.window.Window.runEventLoop(Window.java:818)
	at org.eclipse.jface.window.Window.open(Window.java:794)
	at org.eclipse.ui.internal.dialogs.WorkbenchPreferenceDialog.open(WorkbenchPreferenceDialog.java:211)
	at org.eclipse.ui.internal.OpenPreferencesAction.run(OpenPreferencesAction.java:63)
	at org.eclipse.jface.action.Action.runWithEvent(Action.java:473)
	at org.eclipse.jface.action.ActionContributionItem.handleWidgetSelection(ActionContributionItem.java:565)
	at org.eclipse.jface.action.ActionContributionItem.lambda$4(ActionContributionItem.java:397)
	at org.eclipse.swt.widgets.EventTable.sendEvent(EventTable.java:84)
	at org.eclipse.swt.widgets.Display.sendEvent(Display.java:4410)
	at org.eclipse.swt.widgets.Widget.sendEvent(Widget.java:1079)
	at org.eclipse.swt.widgets.Display.runDeferredEvents(Display.java:4228)
	at org.eclipse.swt.widgets.Display.readAndDispatch(Display.java:3816)
	at org.eclipse.e4.ui.internal.workbench.swt.PartRenderingEngine$4.run(PartRenderingEngine.java:1121)
	at org.eclipse.core.databinding.observable.Realm.runWithDefault(Realm.java:336)
	at org.eclipse.e4.ui.internal.workbench.swt.PartRenderingEngine.run(PartRenderingEngine.java:1022)
	at org.eclipse.e4.ui.internal.workbench.E4Workbench.createAndRunUI(E4Workbench.java:150)
	at org.eclipse.ui.internal.Workbench$5.run(Workbench.java:687)
	at org.eclipse.core.databinding.observable.Realm.runWithDefault(Realm.java:336)
	at org.eclipse.ui.internal.Workbench.createAndRunWorkbench(Workbench.java:604)
	at org.eclipse.ui.PlatformUI.createAndRunWorkbench(PlatformUI.java:148)
	at com.brainwy.liclipse.rcp.IDEApplication.start(IDEApplication.java:210)
	at org.eclipse.equinox.internal.app.EclipseAppHandle.run(EclipseAppHandle.java:196)
	at org.eclipse.core.runtime.internal.adaptor.EclipseAppLauncher.runApplication(EclipseAppLauncher.java:134)
	at org.eclipse.core.runtime.internal.adaptor.EclipseAppLauncher.start(EclipseAppLauncher.java:104)
	at org.eclipse.core.runtime.adaptor.EclipseStarter.run(EclipseStarter.java:388)
	at org.eclipse.core.runtime.adaptor.EclipseStarter.run(EclipseStarter.java:243)
	at sun.reflect.NativeMethodAccessorImpl.invoke0(Native Method)
	at sun.reflect.NativeMethodAccessorImpl.invoke(NativeMethodAccessorImpl.java:62)
	at sun.reflect.DelegatingMethodAccessorImpl.invoke(DelegatingMethodAccessorImpl.java:43)
	at java.lang.reflect.Method.invoke(Method.java:498)
	at org.eclipse.equinox.launcher.Main.invokeFramework(Main.java:673)
	at org.eclipse.equinox.launcher.Main.basicRun(Main.java:610)
	at org.eclipse.equinox.launcher.Main.run(Main.java:1519)

!ENTRY org.python.pydev.shared_core 1 1 2017-01-17 14:38:55.621
!MESSAGE Restoring info for: C:\Users\Lucas Felipe Alves\Desktop\Python - Pesquisa\Python36\python.exe
!STACK 0
java.lang.RuntimeException: Restoring info for: C:\Users\Lucas Felipe Alves\Desktop\Python - Pesquisa\Python36\python.exe
	at org.python.pydev.ui.interpreters.AbstractInterpreterManager.getInterpretersFromPersistedString(AbstractInterpreterManager.java:529)
	at org.python.pydev.ui.interpreters.AbstractInterpreterManager.internalRecreateCacheGetInterpreterInfos(AbstractInterpreterManager.java:345)
	at org.python.pydev.ui.interpreters.AbstractInterpreterManager.setInfos(AbstractInterpreterManager.java:655)
	at org.python.pydev.ui.pythonpathconf.AbstractInterpreterPreferencesPage$5.run(AbstractInterpreterPreferencesPage.java:282)
	at org.eclipse.jface.operation.ModalContext$ModalContextThread.run(ModalContext.java:119)
Caused by: java.io.IOException: Expecting: C:\Users\Lucas Felipe Alves\Desktop\Python - Pesquisa\LiClipse Workspace\.metadata\.plugins\org.python.pydev\v1_al3oxaz07hd47ysnuzp330si7\modulesKeys to exist (and be a file).
	at org.python.pydev.editor.codecompletion.revisited.ModulesManager.loadFromFile(ModulesManager.java:293)
	at org.python.pydev.editor.codecompletion.revisited.SystemModulesManager.load(SystemModulesManager.java:397)
	at org.python.pydev.ui.interpreters.AbstractInterpreterManager.getInterpretersFromPersistedString(AbstractInterpreterManager.java:527)
	... 4 more

!ENTRY org.python.pydev.shared_core 1 1 2017-01-17 14:38:56.639
!MESSAGE Finished restoring information for: C:\Users\Lucas Felipe Alves\Desktop\Python - Pesquisa\Python36\python.exe at: C:\Users\Lucas Felipe Alves\Desktop\Python - Pesquisa\LiClipse Workspace\.metadata\.plugins\org.python.pydev\v1_al3oxaz07hd47ysnuzp330si7
!STACK 0
java.lang.RuntimeException: Finished restoring information for: C:\Users\Lucas Felipe Alves\Desktop\Python - Pesquisa\Python36\python.exe at: C:\Users\Lucas Felipe Alves\Desktop\Python - Pesquisa\LiClipse Workspace\.metadata\.plugins\org.python.pydev\v1_al3oxaz07hd47ysnuzp330si7
	at org.python.pydev.core.log.Log.logInfo(Log.java:66)
	at org.python.pydev.ui.interpreters.AbstractInterpreterManager.getInterpretersFromPersistedString(AbstractInterpreterManager.java:574)
	at org.python.pydev.ui.interpreters.AbstractInterpreterManager.internalRecreateCacheGetInterpreterInfos(AbstractInterpreterManager.java:345)
	at org.python.pydev.ui.interpreters.AbstractInterpreterManager.setInfos(AbstractInterpreterManager.java:655)
	at org.python.pydev.ui.pythonpathconf.AbstractInterpreterPreferencesPage$5.run(AbstractInterpreterPreferencesPage.java:282)
	at org.eclipse.jface.operation.ModalContext$ModalContextThread.run(ModalContext.java:119)

!ENTRY org.python.pydev.shared_core 4 4 2017-01-17 14:38:57.441
!MESSAGE Info: Rebuilding internal caches: C:\Users\Lucas Felipe Alves\Desktop\Python - Pesquisa\LiClipse Workspace\.metadata\.plugins\com.python.pydev.analysis\python_v1_al3oxaz07hd47ysnuzp330si7\python.pydevsysteminfo (Expected error to be provided and got no error!)

!ENTRY org.python.pydev.shared_core 1 1 2017-01-17 14:41:21.092
!MESSAGE No existing console history at: C:\Users\Lucas Felipe Alves\Desktop\Python - Pesquisa\LiClipse Workspace\.metadata\.plugins\org.python.pydev.shared_interactive_console\history.py
!STACK 0
java.io.FileNotFoundException: C:\Users\Lucas Felipe Alves\Desktop\Python - Pesquisa\LiClipse Workspace\.metadata\.plugins\org.python.pydev.shared_interactive_console\history.py (O sistema não pode encontrar o arquivo especificado)
	at java.io.FileInputStream.open0(Native Method)
	at java.io.FileInputStream.open(FileInputStream.java:195)
	at java.io.FileInputStream.<init>(FileInputStream.java:138)
	at java.io.FileReader.<init>(FileReader.java:72)
	at org.python.pydev.shared_interactive_console.console.ScriptConsoleGlobalHistory.load(ScriptConsoleGlobalHistory.java:96)
	at org.python.pydev.shared_interactive_console.console.ScriptConsoleGlobalHistory.<init>(ScriptConsoleGlobalHistory.java:45)
	at org.python.pydev.shared_interactive_console.console.ScriptConsoleGlobalHistory.<clinit>(ScriptConsoleGlobalHistory.java:37)
	at org.python.pydev.shared_interactive_console.console.ScriptConsoleHistory.<init>(ScriptConsoleHistory.java:56)
	at org.python.pydev.shared_interactive_console.console.ui.ScriptConsole.<init>(ScriptConsole.java:183)
	at org.python.pydev.debug.newconsole.PydevConsole.<init>(PydevConsole.java:84)
	at org.python.pydev.debug.newconsole.PydevConsoleFactory.connectDebugger(PydevConsoleFactory.java:170)
	at org.python.pydev.debug.newconsole.PydevConsoleFactory.access$1(PydevConsoleFactory.java:164)
	at org.python.pydev.debug.newconsole.PydevConsoleFactory$1.run(PydevConsoleFactory.java:94)
	at org.eclipse.core.internal.jobs.Worker.run(Worker.java:55)

!ENTRY org.python.pydev.shared_core 4 4 2017-01-17 15:16:10.658
!MESSAGE Error. returning: 0
!STACK 0
java.nio.file.NoSuchFileException: C:\Users\Lucas Felipe Alves\Desktop\Python - Pesquisa\Python36\Lib\tkinter\font.py
	at sun.nio.fs.WindowsException.translateToIOException(WindowsException.java:79)
	at sun.nio.fs.WindowsException.rethrowAsIOException(WindowsException.java:97)
	at sun.nio.fs.WindowsException.rethrowAsIOException(WindowsException.java:102)
	at sun.nio.fs.WindowsFileAttributeViews$Basic.readAttributes(WindowsFileAttributeViews.java:53)
	at sun.nio.fs.WindowsFileAttributeViews$Basic.readAttributes(WindowsFileAttributeViews.java:38)
	at sun.nio.fs.WindowsFileSystemProvider.readAttributes(WindowsFileSystemProvider.java:193)
	at java.nio.file.Files.readAttributes(Files.java:1737)
	at java.nio.file.Files.getLastModifiedTime(Files.java:2266)
	at org.python.pydev.shared_core.io.FileUtils.lastModified(FileUtils.java:1059)
	at org.python.pydev.shared_core.io.FileUtils.lastModified(FileUtils.java:1050)
	at org.python.pydev.shared_core.io.FileUtils.getLastModifiedTimeFromDir(FileUtils.java:888)
	at org.python.pydev.shared_core.path_watch.EventsStackerRunnable.run(EventsStackerRunnable.java:218)
	at org.python.pydev.shared_core.path_watch.PathWatch$PollThread.run(PathWatch.java:203)

!ENTRY org.python.pydev.shared_core 4 4 2017-01-17 15:17:02.916
!MESSAGE Error. returning: 0
!STACK 0
java.nio.file.NoSuchFileException: C:\Users\Lucas Felipe Alves\Desktop\Python - Pesquisa\Python36\Lib\test\libregrtest\refleak.py
	at sun.nio.fs.WindowsException.translateToIOException(WindowsException.java:79)
	at sun.nio.fs.WindowsException.rethrowAsIOException(WindowsException.java:97)
	at sun.nio.fs.WindowsException.rethrowAsIOException(WindowsException.java:102)
	at sun.nio.fs.WindowsFileAttributeViews$Basic.readAttributes(WindowsFileAttributeViews.java:53)
	at sun.nio.fs.WindowsFileAttributeViews$Basic.readAttributes(WindowsFileAttributeViews.java:38)
	at sun.nio.fs.WindowsFileSystemProvider.readAttributes(WindowsFileSystemProvider.java:193)
	at java.nio.file.Files.readAttributes(Files.java:1737)
	at java.nio.file.Files.getLastModifiedTime(Files.java:2266)
	at org.python.pydev.shared_core.io.FileUtils.lastModified(FileUtils.java:1059)
	at org.python.pydev.shared_core.io.FileUtils.lastModified(FileUtils.java:1050)
	at org.python.pydev.shared_core.io.FileUtils.getLastModifiedTimeFromDir(FileUtils.java:888)
	at org.python.pydev.shared_core.io.FileUtils.getLastModifiedTimeFromDir(FileUtils.java:884)
	at org.python.pydev.shared_core.path_watch.EventsStackerRunnable.run(EventsStackerRunnable.java:218)
	at org.python.pydev.shared_core.path_watch.PathWatch$PollThread.run(PathWatch.java:203)

!ENTRY org.python.pydev.shared_core 4 4 2017-01-17 15:17:55.882
!MESSAGE Error. returning: 0
!STACK 0
java.nio.file.NoSuchFileException: C:\Users\Lucas Felipe Alves\Desktop\Python - Pesquisa\Python36\Lib\copyreg.py
	at sun.nio.fs.WindowsException.translateToIOException(WindowsException.java:79)
	at sun.nio.fs.WindowsException.rethrowAsIOException(WindowsException.java:97)
	at sun.nio.fs.WindowsException.rethrowAsIOException(WindowsException.java:102)
	at sun.nio.fs.WindowsFileAttributeViews$Basic.readAttributes(WindowsFileAttributeViews.java:53)
	at sun.nio.fs.WindowsFileAttributeViews$Basic.readAttributes(WindowsFileAttributeViews.java:38)
	at sun.nio.fs.WindowsFileSystemProvider.readAttributes(WindowsFileSystemProvider.java:193)
	at java.nio.file.Files.readAttributes(Files.java:1737)
	at java.nio.file.Files.getLastModifiedTime(Files.java:2266)
	at org.python.pydev.shared_core.io.FileUtils.lastModified(FileUtils.java:1059)
	at org.python.pydev.shared_core.io.FileUtils.lastModified(FileUtils.java:1050)
	at org.python.pydev.shared_core.io.FileUtils.getLastModifiedTimeFromDir(FileUtils.java:888)
	at org.python.pydev.shared_core.path_watch.EventsStackerRunnable.run(EventsStackerRunnable.java:218)
	at org.python.pydev.shared_core.path_watch.PathWatch$PollThread.run(PathWatch.java:203)

!ENTRY org.python.pydev.shared_core 4 4 2017-01-17 15:18:21.713
!MESSAGE No output was in the standard output when
trying to create the interpreter info for: C:\Users\Lucas Felipe Alves\Desktop\Python - Pesquisa\Python36\python.exe
The error output contains:>>Fatal Python error: Py_Initialize: unable to load the file system codec
LookupError: no codec search functions registered: can't find encoding

Current thread 0x000007a4 (most recent call first):
<<
!STACK 0
java.lang.RuntimeException: No output was in the standard output when
trying to create the interpreter info for: C:\Users\Lucas Felipe Alves\Desktop\Python - Pesquisa\Python36\python.exe
The error output contains:>>Fatal Python error: Py_Initialize: unable to load the file system codec
LookupError: no codec search functions registered: can't find encoding

Current thread 0x000007a4 (most recent call first):
<<
	at org.python.pydev.ui.interpreters.AbstractInterpreterManager.createInfoFromOutput(AbstractInterpreterManager.java:440)
	at org.python.pydev.ui.interpreters.PythonInterpreterManager.doCreateInterpreterInfo(PythonInterpreterManager.java:71)
	at org.python.pydev.ui.interpreters.PythonInterpreterManager.internalCreateInterpreterInfo(PythonInterpreterManager.java:44)
	at org.python.pydev.ui.interpreters.AbstractInterpreterManager.createInterpreterInfo(AbstractInterpreterManager.java:390)
	at org.python.pydev.editor.codecompletion.revisited.SynchSystemModulesManager$CreateInterpreterInfoCallback.createInterpreterInfo(SynchSystemModulesManager.java:173)
	at org.python.pydev.editor.codecompletion.revisited.SynchSystemModulesManager.updateStructures(SynchSystemModulesManager.java:252)
	at org.python.pydev.editor.codecompletion.revisited.SyncSystemModulesManagerScheduler$SynchJob.run(SyncSystemModulesManagerScheduler.java:238)
	at org.eclipse.core.internal.jobs.Worker.run(Worker.java:55)

!ENTRY org.python.pydev.shared_core 4 4 2017-01-17 15:18:25.276
!MESSAGE java.io.IOException: Cannot run program "C:\Users\Lucas Felipe Alves\Desktop\Python - Pesquisa\Python36\python.exe": CreateProcess error=2, O sistema não pode encontrar o arquivo especificado
!STACK 0
java.lang.RuntimeException: java.io.IOException: Cannot run program "C:\Users\Lucas Felipe Alves\Desktop\Python - Pesquisa\Python36\python.exe": CreateProcess error=2, O sistema não pode encontrar o arquivo especificado
	at org.python.pydev.runners.SimpleRunner.run(SimpleRunner.java:312)
	at org.python.pydev.runners.SimpleRunner.run(SimpleRunner.java:278)
	at org.python.pydev.runners.SimpleRunner.runAndGetOutput(SimpleRunner.java:329)
	at org.python.pydev.runners.SimplePythonRunner.runAndGetOutputWithInterpreter(SimplePythonRunner.java:95)
	at org.python.pydev.ui.interpreters.PythonInterpreterManager.doCreateInterpreterInfo(PythonInterpreterManager.java:68)
	at org.python.pydev.ui.interpreters.PythonInterpreterManager.internalCreateInterpreterInfo(PythonInterpreterManager.java:44)
	at org.python.pydev.ui.interpreters.AbstractInterpreterManager.createInterpreterInfo(AbstractInterpreterManager.java:390)
	at org.python.pydev.editor.codecompletion.revisited.SynchSystemModulesManager$CreateInterpreterInfoCallback.createInterpreterInfo(SynchSystemModulesManager.java:173)
	at org.python.pydev.editor.codecompletion.revisited.SynchSystemModulesManager.updateStructures(SynchSystemModulesManager.java:252)
	at org.python.pydev.editor.codecompletion.revisited.SyncSystemModulesManagerScheduler$SynchJob.run(SyncSystemModulesManagerScheduler.java:238)
	at org.eclipse.core.internal.jobs.Worker.run(Worker.java:55)
Caused by: java.io.IOException: Cannot run program "C:\Users\Lucas Felipe Alves\Desktop\Python - Pesquisa\Python36\python.exe": CreateProcess error=2, O sistema não pode encontrar o arquivo especificado
	at java.lang.ProcessBuilder.start(ProcessBuilder.java:1048)
	at java.lang.Runtime.exec(Runtime.java:620)
	at org.python.pydev.shared_core.process.ProcessUtils.createProcess(ProcessUtils.java:103)
	at org.python.pydev.runners.SimpleRunner.createProcess(SimpleRunner.java:51)
	at org.python.pydev.runners.SimpleRunner.run(SimpleRunner.java:310)
	... 10 more
Caused by: java.io.IOException: CreateProcess error=2, O sistema não pode encontrar o arquivo especificado
	at java.lang.ProcessImpl.create(Native Method)
	at java.lang.ProcessImpl.<init>(ProcessImpl.java:386)
	at java.lang.ProcessImpl.start(ProcessImpl.java:137)
	at java.lang.ProcessBuilder.start(ProcessBuilder.java:1029)
	... 14 more
!SESSION 2017-01-17 15:51:58.088 -----------------------------------------------
eclipse.buildId=unknown
java.version=1.8.0_77
java.vendor=Oracle Corporation
BootLoader constants: OS=win32, ARCH=x86_64, WS=win32, NL=pt_BR
Command-line arguments:  -os win32 -ws win32 -arch x86_64

!ENTRY org.python.pydev.shared_core 1 1 2017-01-17 15:52:12.009
!MESSAGE Unable to track file that does not exist: C:\Users\Lucas Felipe Alves\Desktop\Python - Pesquisa\Python36\DLLs
!STACK 0
java.lang.RuntimeException: Unable to track file that does not exist: C:\Users\Lucas Felipe Alves\Desktop\Python - Pesquisa\Python36\DLLs
	at org.python.pydev.shared_core.log.Log.logInfo(Log.java:52)
	at org.python.pydev.shared_core.path_watch.PathWatch.track(PathWatch.java:316)
	at org.python.pydev.editor.codecompletion.revisited.SyncSystemModulesManagerScheduler.afterSetInfos(SyncSystemModulesManagerScheduler.java:463)
	at org.python.pydev.editor.codecompletion.revisited.SyncSystemModulesManagerScheduler.afterSetInfos(SyncSystemModulesManagerScheduler.java:444)
	at org.python.pydev.editor.codecompletion.revisited.SyncSystemModulesManagerScheduler.registerInterpreterManager(SyncSystemModulesManagerScheduler.java:67)
	at org.python.pydev.editor.codecompletion.revisited.SyncSystemModulesManagerScheduler.start(SyncSystemModulesManagerScheduler.java:89)
	at org.python.pydev.plugin.PydevPlugin$1.run(PydevPlugin.java:222)
	at org.eclipse.core.internal.jobs.Worker.run(Worker.java:55)

!ENTRY org.python.pydev.shared_core 1 1 2017-01-17 15:52:12.084
!MESSAGE Unable to track file that does not exist: C:\Users\Lucas Felipe Alves\Desktop\Python - Pesquisa\Python36\lib
!STACK 0
java.lang.RuntimeException: Unable to track file that does not exist: C:\Users\Lucas Felipe Alves\Desktop\Python - Pesquisa\Python36\lib
	at org.python.pydev.shared_core.log.Log.logInfo(Log.java:52)
	at org.python.pydev.shared_core.path_watch.PathWatch.track(PathWatch.java:316)
	at org.python.pydev.editor.codecompletion.revisited.SyncSystemModulesManagerScheduler.afterSetInfos(SyncSystemModulesManagerScheduler.java:463)
	at org.python.pydev.editor.codecompletion.revisited.SyncSystemModulesManagerScheduler.afterSetInfos(SyncSystemModulesManagerScheduler.java:444)
	at org.python.pydev.editor.codecompletion.revisited.SyncSystemModulesManagerScheduler.registerInterpreterManager(SyncSystemModulesManagerScheduler.java:67)
	at org.python.pydev.editor.codecompletion.revisited.SyncSystemModulesManagerScheduler.start(SyncSystemModulesManagerScheduler.java:89)
	at org.python.pydev.plugin.PydevPlugin$1.run(PydevPlugin.java:222)
	at org.eclipse.core.internal.jobs.Worker.run(Worker.java:55)

!ENTRY org.python.pydev.shared_core 1 1 2017-01-17 15:52:12.084
!MESSAGE Unable to track file that does not exist: C:\Users\Lucas Felipe Alves\Desktop\Python - Pesquisa\Python36
!STACK 0
java.lang.RuntimeException: Unable to track file that does not exist: C:\Users\Lucas Felipe Alves\Desktop\Python - Pesquisa\Python36
	at org.python.pydev.shared_core.log.Log.logInfo(Log.java:52)
	at org.python.pydev.shared_core.path_watch.PathWatch.track(PathWatch.java:316)
	at org.python.pydev.editor.codecompletion.revisited.SyncSystemModulesManagerScheduler.afterSetInfos(SyncSystemModulesManagerScheduler.java:463)
	at org.python.pydev.editor.codecompletion.revisited.SyncSystemModulesManagerScheduler.afterSetInfos(SyncSystemModulesManagerScheduler.java:444)
	at org.python.pydev.editor.codecompletion.revisited.SyncSystemModulesManagerScheduler.registerInterpreterManager(SyncSystemModulesManagerScheduler.java:67)
	at org.python.pydev.editor.codecompletion.revisited.SyncSystemModulesManagerScheduler.start(SyncSystemModulesManagerScheduler.java:89)
	at org.python.pydev.plugin.PydevPlugin$1.run(PydevPlugin.java:222)
	at org.eclipse.core.internal.jobs.Worker.run(Worker.java:55)

!ENTRY org.python.pydev.shared_core 1 1 2017-01-17 15:52:12.084
!MESSAGE Unable to track file that does not exist: C:\Users\Lucas Felipe Alves\Desktop\Python - Pesquisa\Python36\lib\site-packages
!STACK 0
java.lang.RuntimeException: Unable to track file that does not exist: C:\Users\Lucas Felipe Alves\Desktop\Python - Pesquisa\Python36\lib\site-packages
	at org.python.pydev.shared_core.log.Log.logInfo(Log.java:52)
	at org.python.pydev.shared_core.path_watch.PathWatch.track(PathWatch.java:316)
	at org.python.pydev.editor.codecompletion.revisited.SyncSystemModulesManagerScheduler.afterSetInfos(SyncSystemModulesManagerScheduler.java:463)
	at org.python.pydev.editor.codecompletion.revisited.SyncSystemModulesManagerScheduler.afterSetInfos(SyncSystemModulesManagerScheduler.java:444)
	at org.python.pydev.editor.codecompletion.revisited.SyncSystemModulesManagerScheduler.registerInterpreterManager(SyncSystemModulesManagerScheduler.java:67)
	at org.python.pydev.editor.codecompletion.revisited.SyncSystemModulesManagerScheduler.start(SyncSystemModulesManagerScheduler.java:89)
	at org.python.pydev.plugin.PydevPlugin$1.run(PydevPlugin.java:222)
	at org.eclipse.core.internal.jobs.Worker.run(Worker.java:55)

!ENTRY org.eclipse.egit.ui 2 0 2017-01-17 15:52:12.224
!MESSAGE Warning: The environment variable HOME is not set. The following directory will be used to store the Git
user global configuration and to define the default location to store repositories: 'C:\Users\Lucas Felipe Alves'. If this is
not correct please set the HOME environment variable and restart Eclipse. Otherwise Git for Windows and
EGit might behave differently since they see different configuration options.
This warning can be switched off on the Team > Git > Confirmations and Warnings preference page.

!ENTRY org.brainwy.liclipsetext.shared_core 4 4 2017-01-17 15:52:14.518
!MESSAGE C:\Program Files\Brainwy\LiClipse 3.3.0\plugins\com.brainwy.liclipse.editor_3.3.0.201611281405\etc\5yz4x6m18oij9anbul5v4g4b9 (O sistema não pode encontrar o caminho especificado)
!STACK 0
java.io.FileNotFoundException: C:\Program Files\Brainwy\LiClipse 3.3.0\plugins\com.brainwy.liclipse.editor_3.3.0.201611281405\etc\5yz4x6m18oij9anbul5v4g4b9 (O sistema não pode encontrar o caminho especificado)
	at java.io.FileOutputStream.open0(Native Method)
	at java.io.FileOutputStream.open(FileOutputStream.java:270)
	at java.io.FileOutputStream.<init>(FileOutputStream.java:213)
	at java.io.FileOutputStream.<init>(FileOutputStream.java:162)
	at org.brainwy.liclipsetext.shared_core.io.FileUtils.writeBytesToFile(FileUtils.java:140)
	at org.brainwy.liclipsetext.shared_core.io.FileUtils.writeStrToFile(FileUtils.java:133)
	at com.brainwy.liclipse.editor.lic.CheckRegistered.run(CheckRegistered.java:145)

!ENTRY org.python.pydev.shared_core 4 4 2017-01-17 15:52:42.270
!MESSAGE java.io.IOException: Cannot run program "C:\Users\Lucas Felipe Alves\Desktop\Python - Pesquisa\Python36\python.exe": CreateProcess error=2, O sistema não pode encontrar o arquivo especificado
!STACK 0
java.lang.RuntimeException: java.io.IOException: Cannot run program "C:\Users\Lucas Felipe Alves\Desktop\Python - Pesquisa\Python36\python.exe": CreateProcess error=2, O sistema não pode encontrar o arquivo especificado
	at org.python.pydev.runners.SimpleRunner.run(SimpleRunner.java:312)
	at org.python.pydev.runners.SimpleRunner.run(SimpleRunner.java:278)
	at org.python.pydev.runners.SimpleRunner.runAndGetOutput(SimpleRunner.java:329)
	at org.python.pydev.runners.SimplePythonRunner.runAndGetOutputWithInterpreter(SimplePythonRunner.java:95)
	at org.python.pydev.ui.interpreters.PythonInterpreterManager.doCreateInterpreterInfo(PythonInterpreterManager.java:68)
	at org.python.pydev.ui.interpreters.PythonInterpreterManager.internalCreateInterpreterInfo(PythonInterpreterManager.java:44)
	at org.python.pydev.ui.interpreters.AbstractInterpreterManager.createInterpreterInfo(AbstractInterpreterManager.java:390)
	at org.python.pydev.editor.codecompletion.revisited.SynchSystemModulesManager$CreateInterpreterInfoCallback.createInterpreterInfo(SynchSystemModulesManager.java:173)
	at org.python.pydev.editor.codecompletion.revisited.SynchSystemModulesManager.updateStructures(SynchSystemModulesManager.java:252)
	at org.python.pydev.editor.codecompletion.revisited.SyncSystemModulesManagerScheduler$SynchJob.run(SyncSystemModulesManagerScheduler.java:238)
	at org.eclipse.core.internal.jobs.Worker.run(Worker.java:55)
Caused by: java.io.IOException: Cannot run program "C:\Users\Lucas Felipe Alves\Desktop\Python - Pesquisa\Python36\python.exe": CreateProcess error=2, O sistema não pode encontrar o arquivo especificado
	at java.lang.ProcessBuilder.start(ProcessBuilder.java:1048)
	at java.lang.Runtime.exec(Runtime.java:620)
	at org.python.pydev.shared_core.process.ProcessUtils.createProcess(ProcessUtils.java:103)
	at org.python.pydev.runners.SimpleRunner.createProcess(SimpleRunner.java:51)
	at org.python.pydev.runners.SimpleRunner.run(SimpleRunner.java:310)
	... 10 more
Caused by: java.io.IOException: CreateProcess error=2, O sistema não pode encontrar o arquivo especificado
	at java.lang.ProcessImpl.create(Native Method)
	at java.lang.ProcessImpl.<init>(ProcessImpl.java:386)
	at java.lang.ProcessImpl.start(ProcessImpl.java:137)
	at java.lang.ProcessBuilder.start(ProcessBuilder.java:1029)
	... 14 more

!ENTRY org.python.pydev.shared_core 4 4 2017-01-17 15:56:13.121
!MESSAGE java.io.IOException: Cannot run program "python": CreateProcess error=2, O sistema não pode encontrar o arquivo especificado
!STACK 0
java.lang.RuntimeException: java.io.IOException: Cannot run program "python": CreateProcess error=2, O sistema não pode encontrar o arquivo especificado
	at org.python.pydev.runners.SimpleRunner.run(SimpleRunner.java:312)
	at org.python.pydev.runners.SimpleRunner.run(SimpleRunner.java:278)
	at org.python.pydev.runners.SimpleRunner.runAndGetOutput(SimpleRunner.java:329)
	at org.python.pydev.runners.SimplePythonRunner.runAndGetOutputWithInterpreter(SimplePythonRunner.java:95)
	at org.python.pydev.ui.interpreters.PythonInterpreterManager.doCreateInterpreterInfo(PythonInterpreterManager.java:68)
	at org.python.pydev.ui.interpreters.PythonInterpreterManager.internalCreateInterpreterInfo(PythonInterpreterManager.java:44)
	at org.python.pydev.ui.interpreters.AbstractInterpreterManager.createInterpreterInfo(AbstractInterpreterManager.java:390)
	at org.python.pydev.ui.pythonpathconf.ObtainInterpreterInfoOperation.run(ObtainInterpreterInfoOperation.java:82)
	at org.eclipse.jface.operation.ModalContext$ModalContextThread.run(ModalContext.java:119)
Caused by: java.io.IOException: Cannot run program "python": CreateProcess error=2, O sistema não pode encontrar o arquivo especificado
	at java.lang.ProcessBuilder.start(ProcessBuilder.java:1048)
	at java.lang.Runtime.exec(Runtime.java:620)
	at org.python.pydev.shared_core.process.ProcessUtils.createProcess(ProcessUtils.java:103)
	at org.python.pydev.runners.SimpleRunner.createProcess(SimpleRunner.java:51)
	at org.python.pydev.runners.SimpleRunner.run(SimpleRunner.java:310)
	... 8 more
Caused by: java.io.IOException: CreateProcess error=2, O sistema não pode encontrar o arquivo especificado
	at java.lang.ProcessImpl.create(Native Method)
	at java.lang.ProcessImpl.<init>(ProcessImpl.java:386)
	at java.lang.ProcessImpl.start(ProcessImpl.java:137)
	at java.lang.ProcessBuilder.start(ProcessBuilder.java:1029)
	... 12 more

!ENTRY org.python.pydev.shared_core 4 4 2017-01-17 15:56:13.187
!MESSAGE Performance warning: LinkedList.get() being called. Consider using another List implementation!
!STACK 0
java.lang.RuntimeException: Performance warning: LinkedList.get() being called. Consider using another List implementation!
	at org.python.pydev.shared_core.log.Log.log(Log.java:36)
	at org.python.pydev.shared_core.structure.LinkedListWarningOnSlowOperations.get(LinkedListWarningOnSlowOperations.java:21)
	at org.python.pydev.ui.pythonpathconf.AutoConfigMaker.showNothingToConfigureError(AutoConfigMaker.java:433)
	at org.python.pydev.ui.pythonpathconf.AutoConfigMaker.autoConfigSearch(AutoConfigMaker.java:219)
	at org.python.pydev.ui.pythonpathconf.AbstractInterpreterEditor.getNewInputObject(AbstractInterpreterEditor.java:947)
	at org.python.copiedfromeclipsesrc.PythonListEditor.addPressed(PythonListEditor.java:132)
	at org.python.copiedfromeclipsesrc.PythonListEditor$1.widgetSelected(PythonListEditor.java:229)
	at org.eclipse.swt.widgets.TypedListener.handleEvent(TypedListener.java:249)
	at org.eclipse.swt.widgets.EventTable.sendEvent(EventTable.java:84)
	at org.eclipse.swt.widgets.Display.sendEvent(Display.java:4410)
	at org.eclipse.swt.widgets.Widget.sendEvent(Widget.java:1079)
	at org.eclipse.swt.widgets.Display.runDeferredEvents(Display.java:4228)
	at org.eclipse.swt.widgets.Display.readAndDispatch(Display.java:3816)
	at org.eclipse.jface.window.Window.runEventLoop(Window.java:818)
	at org.eclipse.jface.window.Window.open(Window.java:794)
	at org.eclipse.ui.internal.dialogs.WorkbenchPreferenceDialog.open(WorkbenchPreferenceDialog.java:211)
	at org.eclipse.ui.internal.OpenPreferencesAction.run(OpenPreferencesAction.java:63)
	at org.eclipse.jface.action.Action.runWithEvent(Action.java:473)
	at org.eclipse.jface.action.ActionContributionItem.handleWidgetSelection(ActionContributionItem.java:565)
	at org.eclipse.jface.action.ActionContributionItem.lambda$4(ActionContributionItem.java:397)
	at org.eclipse.swt.widgets.EventTable.sendEvent(EventTable.java:84)
	at org.eclipse.swt.widgets.Display.sendEvent(Display.java:4410)
	at org.eclipse.swt.widgets.Widget.sendEvent(Widget.java:1079)
	at org.eclipse.swt.widgets.Display.runDeferredEvents(Display.java:4228)
	at org.eclipse.swt.widgets.Display.readAndDispatch(Display.java:3816)
	at org.eclipse.e4.ui.internal.workbench.swt.PartRenderingEngine$4.run(PartRenderingEngine.java:1121)
	at org.eclipse.core.databinding.observable.Realm.runWithDefault(Realm.java:336)
	at org.eclipse.e4.ui.internal.workbench.swt.PartRenderingEngine.run(PartRenderingEngine.java:1022)
	at org.eclipse.e4.ui.internal.workbench.E4Workbench.createAndRunUI(E4Workbench.java:150)
	at org.eclipse.ui.internal.Workbench$5.run(Workbench.java:687)
	at org.eclipse.core.databinding.observable.Realm.runWithDefault(Realm.java:336)
	at org.eclipse.ui.internal.Workbench.createAndRunWorkbench(Workbench.java:604)
	at org.eclipse.ui.PlatformUI.createAndRunWorkbench(PlatformUI.java:148)
	at com.brainwy.liclipse.rcp.IDEApplication.start(IDEApplication.java:210)
	at org.eclipse.equinox.internal.app.EclipseAppHandle.run(EclipseAppHandle.java:196)
	at org.eclipse.core.runtime.internal.adaptor.EclipseAppLauncher.runApplication(EclipseAppLauncher.java:134)
	at org.eclipse.core.runtime.internal.adaptor.EclipseAppLauncher.start(EclipseAppLauncher.java:104)
	at org.eclipse.core.runtime.adaptor.EclipseStarter.run(EclipseStarter.java:388)
	at org.eclipse.core.runtime.adaptor.EclipseStarter.run(EclipseStarter.java:243)
	at sun.reflect.NativeMethodAccessorImpl.invoke0(Native Method)
	at sun.reflect.NativeMethodAccessorImpl.invoke(NativeMethodAccessorImpl.java:62)
	at sun.reflect.DelegatingMethodAccessorImpl.invoke(DelegatingMethodAccessorImpl.java:43)
	at java.lang.reflect.Method.invoke(Method.java:498)
	at org.eclipse.equinox.launcher.Main.invokeFramework(Main.java:673)
	at org.eclipse.equinox.launcher.Main.basicRun(Main.java:610)
	at org.eclipse.equinox.launcher.Main.run(Main.java:1519)

!ENTRY org.python.pydev.shared_core 1 1 2017-01-17 15:56:14.897
!MESSAGE - Ok, file is non-null. Getting info on:python
- Beggining task:Getting libs totalWork:100
- Setting task name:Mounting executable string...
- Setting task name:Executing:  python -u "C:\Program Files\Brainwy\LiClipse 3.3.0\plugins\org.python.pydev_5.4.0.201611281405\pysrc\interpreterInfo.py"
- Setting task name:Making pythonpath environment... python -u "C:\Program Files\Brainwy\LiClipse 3.3.0\plugins\org.python.pydev_5.4.0.201611281405\pysrc\interpreterInfo.py"
- Setting task name:Making exec... python -u "C:\Program Files\Brainwy\LiClipse 3.3.0\plugins\org.python.pydev_5.4.0.201611281405\pysrc\interpreterInfo.py"
Exception detected: java.io.IOException: Cannot run program "python": CreateProcess error=2, O sistema não pode encontrar o arquivo especificado
- Some error happened while getting info on the interpreter:
java.lang.RuntimeException: java.io.IOException: Cannot run program "python": CreateProcess error=2, O sistema não pode encontrar o arquivo especificado
	at org.python.pydev.runners.SimpleRunner.run(SimpleRunner.java:312)
	at org.python.pydev.runners.SimpleRunner.run(SimpleRunner.java:278)
	at org.python.pydev.runners.SimpleRunner.runAndGetOutput(SimpleRunner.java:329)
	at org.python.pydev.runners.SimplePythonRunner.runAndGetOutputWithInterpreter(SimplePythonRunner.java:95)
	at org.python.pydev.ui.interpreters.PythonInterpreterManager.doCreateInterpreterInfo(PythonInterpreterManager.java:68)
	at org.python.pydev.ui.interpreters.PythonInterpreterManager.internalCreateInterpreterInfo(PythonInterpreterManager.java:44)
	at org.python.pydev.ui.interpreters.AbstractInterpreterManager.createInterpreterInfo(AbstractInterpreterManager.java:390)
	at org.python.pydev.ui.pythonpathconf.ObtainInterpreterInfoOperation.run(ObtainInterpreterInfoOperation.java:82)
	at org.eclipse.jface.operation.ModalContext$ModalContextThread.run(ModalContext.java:119)
Caused by: java.io.IOException: Cannot run program "python": CreateProcess error=2, O sistema não pode encontrar o arquivo especificado
	at java.lang.ProcessBuilder.start(ProcessBuilder.java:1048)
	at java.lang.Runtime.exec(Runtime.java:620)
	at org.python.pydev.shared_core.process.ProcessUtils.createProcess(ProcessUtils.java:103)
	at org.python.pydev.runners.SimpleRunner.createProcess(SimpleRunner.java:51)
	at org.python.pydev.runners.SimpleRunner.run(SimpleRunner.java:310)
	... 8 more
Caused by: java.io.IOException: CreateProcess error=2, O sistema não pode encontrar o arquivo especificado
	at java.lang.ProcessImpl.create(Native Method)
	at java.lang.ProcessImpl.<init>(ProcessImpl.java:386)
	at java.lang.ProcessImpl.start(ProcessImpl.java:137)
	at java.lang.ProcessBuilder.start(ProcessBuilder.java:1029)
	... 12 more

!STACK 0
java.lang.RuntimeException: - Ok, file is non-null. Getting info on:python
- Beggining task:Getting libs totalWork:100
- Setting task name:Mounting executable string...
- Setting task name:Executing:  python -u "C:\Program Files\Brainwy\LiClipse 3.3.0\plugins\org.python.pydev_5.4.0.201611281405\pysrc\interpreterInfo.py"
- Setting task name:Making pythonpath environment... python -u "C:\Program Files\Brainwy\LiClipse 3.3.0\plugins\org.python.pydev_5.4.0.201611281405\pysrc\interpreterInfo.py"
- Setting task name:Making exec... python -u "C:\Program Files\Brainwy\LiClipse 3.3.0\plugins\org.python.pydev_5.4.0.201611281405\pysrc\interpreterInfo.py"
Exception detected: java.io.IOException: Cannot run program "python": CreateProcess error=2, O sistema não pode encontrar o arquivo especificado
- Some error happened while getting info on the interpreter:
java.lang.RuntimeException: java.io.IOException: Cannot run program "python": CreateProcess error=2, O sistema não pode encontrar o arquivo especificado
	at org.python.pydev.runners.SimpleRunner.run(SimpleRunner.java:312)
	at org.python.pydev.runners.SimpleRunner.run(SimpleRunner.java:278)
	at org.python.pydev.runners.SimpleRunner.runAndGetOutput(SimpleRunner.java:329)
	at org.python.pydev.runners.SimplePythonRunner.runAndGetOutputWithInterpreter(SimplePythonRunner.java:95)
	at org.python.pydev.ui.interpreters.PythonInterpreterManager.doCreateInterpreterInfo(PythonInterpreterManager.java:68)
	at org.python.pydev.ui.interpreters.PythonInterpreterManager.internalCreateInterpreterInfo(PythonInterpreterManager.java:44)
	at org.python.pydev.ui.interpreters.AbstractInterpreterManager.createInterpreterInfo(AbstractInterpreterManager.java:390)
	at org.python.pydev.ui.pythonpathconf.ObtainInterpreterInfoOperation.run(ObtainInterpreterInfoOperation.java:82)
	at org.eclipse.jface.operation.ModalContext$ModalContextThread.run(ModalContext.java:119)
Caused by: java.io.IOException: Cannot run program "python": CreateProcess error=2, O sistema não pode encontrar o arquivo especificado
	at java.lang.ProcessBuilder.start(ProcessBuilder.java:1048)
	at java.lang.Runtime.exec(Runtime.java:620)
	at org.python.pydev.shared_core.process.ProcessUtils.createProcess(ProcessUtils.java:103)
	at org.python.pydev.runners.SimpleRunner.createProcess(SimpleRunner.java:51)
	at org.python.pydev.runners.SimpleRunner.run(SimpleRunner.java:310)
	... 8 more
Caused by: java.io.IOException: CreateProcess error=2, O sistema não pode encontrar o arquivo especificado
	at java.lang.ProcessImpl.create(Native Method)
	at java.lang.ProcessImpl.<init>(ProcessImpl.java:386)
	at java.lang.ProcessImpl.start(ProcessImpl.java:137)
	at java.lang.ProcessBuilder.start(ProcessBuilder.java:1029)
	... 12 more

	at org.python.pydev.core.log.Log.logInfo(Log.java:66)
	at org.python.pydev.ui.pythonpathconf.AbstractInterpreterEditor.getNewInputObject(AbstractInterpreterEditor.java:990)
	at org.python.copiedfromeclipsesrc.PythonListEditor.addPressed(PythonListEditor.java:132)
	at org.python.copiedfromeclipsesrc.PythonListEditor$1.widgetSelected(PythonListEditor.java:229)
	at org.eclipse.swt.widgets.TypedListener.handleEvent(TypedListener.java:249)
	at org.eclipse.swt.widgets.EventTable.sendEvent(EventTable.java:84)
	at org.eclipse.swt.widgets.Display.sendEvent(Display.java:4410)
	at org.eclipse.swt.widgets.Widget.sendEvent(Widget.java:1079)
	at org.eclipse.swt.widgets.Display.runDeferredEvents(Display.java:4228)
	at org.eclipse.swt.widgets.Display.readAndDispatch(Display.java:3816)
	at org.eclipse.jface.window.Window.runEventLoop(Window.java:818)
	at org.eclipse.jface.window.Window.open(Window.java:794)
	at org.eclipse.ui.internal.dialogs.WorkbenchPreferenceDialog.open(WorkbenchPreferenceDialog.java:211)
	at org.eclipse.ui.internal.OpenPreferencesAction.run(OpenPreferencesAction.java:63)
	at org.eclipse.jface.action.Action.runWithEvent(Action.java:473)
	at org.eclipse.jface.action.ActionContributionItem.handleWidgetSelection(ActionContributionItem.java:565)
	at org.eclipse.jface.action.ActionContributionItem.lambda$4(ActionContributionItem.java:397)
	at org.eclipse.swt.widgets.EventTable.sendEvent(EventTable.java:84)
	at org.eclipse.swt.widgets.Display.sendEvent(Display.java:4410)
	at org.eclipse.swt.widgets.Widget.sendEvent(Widget.java:1079)
	at org.eclipse.swt.widgets.Display.runDeferredEvents(Display.java:4228)
	at org.eclipse.swt.widgets.Display.readAndDispatch(Display.java:3816)
	at org.eclipse.e4.ui.internal.workbench.swt.PartRenderingEngine$4.run(PartRenderingEngine.java:1121)
	at org.eclipse.core.databinding.observable.Realm.runWithDefault(Realm.java:336)
	at org.eclipse.e4.ui.internal.workbench.swt.PartRenderingEngine.run(PartRenderingEngine.java:1022)
	at org.eclipse.e4.ui.internal.workbench.E4Workbench.createAndRunUI(E4Workbench.java:150)
	at org.eclipse.ui.internal.Workbench$5.run(Workbench.java:687)
	at org.eclipse.core.databinding.observable.Realm.runWithDefault(Realm.java:336)
	at org.eclipse.ui.internal.Workbench.createAndRunWorkbench(Workbench.java:604)
	at org.eclipse.ui.PlatformUI.createAndRunWorkbench(PlatformUI.java:148)
	at com.brainwy.liclipse.rcp.IDEApplication.start(IDEApplication.java:210)
	at org.eclipse.equinox.internal.app.EclipseAppHandle.run(EclipseAppHandle.java:196)
	at org.eclipse.core.runtime.internal.adaptor.EclipseAppLauncher.runApplication(EclipseAppLauncher.java:134)
	at org.eclipse.core.runtime.internal.adaptor.EclipseAppLauncher.start(EclipseAppLauncher.java:104)
	at org.eclipse.core.runtime.adaptor.EclipseStarter.run(EclipseStarter.java:388)
	at org.eclipse.core.runtime.adaptor.EclipseStarter.run(EclipseStarter.java:243)
	at sun.reflect.NativeMethodAccessorImpl.invoke0(Native Method)
	at sun.reflect.NativeMethodAccessorImpl.invoke(NativeMethodAccessorImpl.java:62)
	at sun.reflect.DelegatingMethodAccessorImpl.invoke(DelegatingMethodAccessorImpl.java:43)
	at java.lang.reflect.Method.invoke(Method.java:498)
	at org.eclipse.equinox.launcher.Main.invokeFramework(Main.java:673)
	at org.eclipse.equinox.launcher.Main.basicRun(Main.java:610)
	at org.eclipse.equinox.launcher.Main.run(Main.java:1519)

!ENTRY org.python.pydev.shared_core 1 1 2017-01-17 15:56:57.996
!MESSAGE Information about process of adding new interpreter:
- Opening dialog to request executable (or jar).
- Chosen interpreter (name and file):'Tuple [Python -- C:\Python36\python.exe]
- Ok, file is non-null. Getting info on:C:\Python36\python.exe
- Beggining task:Getting libs totalWork:100
- Setting task name:Mounting executable string...
- Setting task name:Executing:  C:\Python36\python.exe -u "C:\Program Files\Brainwy\LiClipse 3.3.0\plugins\org.python.pydev_5.4.0.201611281405\pysrc\interpreterInfo.py"
- Setting task name:Making pythonpath environment... C:\Python36\python.exe -u "C:\Program Files\Brainwy\LiClipse 3.3.0\plugins\org.python.pydev_5.4.0.201611281405\pysrc\interpreterInfo.py"
- Setting task name:Making exec... C:\Python36\python.exe -u "C:\Program Files\Brainwy\LiClipse 3.3.0\plugins\org.python.pydev_5.4.0.201611281405\pysrc\interpreterInfo.py"
- Setting task name:Reading output...
- Setting task name:Waiting for process to finish.
- Success getting the info. Result:<xml>
<name>Python</name>
<version>3.6</version>
<executable>C:\Python36\python.exe</executable>
<lib>C:\Python36\DLLs</lib>
<lib>C:\Python36\lib</lib>
<lib>C:\Python36</lib>
<lib>C:\Python36\lib\site-packages</lib>
<forced_lib>Image</forced_lib>
<forced_lib>OpenGL</forced_lib>
<forced_lib>_ast</forced_lib>
<forced_lib>_bisect</forced_lib>
<forced_lib>_blake2</forced_lib>
<forced_lib>_bytesio</forced_lib>
<forced_lib>_codecs</forced_lib>
<forced_lib>_codecs_cn</forced_lib>
<forced_lib>_codecs_hk</forced_lib>
<forced_lib>_codecs_iso2022</forced_lib>
<forced_lib>_codecs_jp</forced_lib>
<forced_lib>_codecs_kr</forced_lib>
<forced_lib>_codecs_tw</forced_lib>
<forced_lib>_collections</forced_lib>
<forced_lib>_csv</forced_lib>
<forced_lib>_datetime</forced_lib>
<forced_lib>_fileio</forced_lib>
<forced_lib>_functools</forced_lib>
<forced_lib>_heapq</forced_lib>
<forced_lib>_hotshot</forced_lib>
<forced_lib>_imp</forced_lib>
<forced_lib>_io</forced_lib>
<forced_lib>_json</forced_lib>
<forced_lib>_locale</forced_lib>
<forced_lib>_lsprof</forced_lib>
<forced_lib>_md5</forced_lib>
<forced_lib>_multibytecodec</forced_lib>
<forced_lib>_opcode</forced_lib>
<forced_lib>_operator</forced_lib>
<forced_lib>_pickle</forced_lib>
<forced_lib>_random</forced_lib>
<forced_lib>_sha</forced_lib>
<forced_lib>_sha1</forced_lib>
<forced_lib>_sha256</forced_lib>
<forced_lib>_sha3</forced_lib>
<forced_lib>_sha512</forced_lib>
<forced_lib>_signal</forced_lib>
<forced_lib>_sre</forced_lib>
<forced_lib>_stat</forced_lib>
<forced_lib>_string</forced_lib>
<forced_lib>_struct</forced_lib>
<forced_lib>_subprocess</forced_lib>
<forced_lib>_symtable</forced_lib>
<forced_lib>_thread</forced_lib>
<forced_lib>_tracemalloc</forced_lib>
<forced_lib>_warnings</forced_lib>
<forced_lib>_weakref</forced_lib>
<forced_lib>_winapi</forced_lib>
<forced_lib>_winreg</forced_lib>
<forced_lib>array</forced_lib>
<forced_lib>atexit</forced_lib>
<forced_lib>audioop</forced_lib>
<forced_lib>binascii</forced_lib>
<forced_lib>builtins</forced_lib>
<forced_lib>cPickle</forced_lib>
<forced_lib>cStringIO</forced_lib>
<forced_lib>cmath</forced_lib>
<forced_lib>datetime</forced_lib>
<forced_lib>email</forced_lib>
<forced_lib>errno</forced_lib>
<forced_lib>exceptions</forced_lib>
<forced_lib>faulthandler</forced_lib>
<forced_lib>future_builtins</forced_lib>
<forced_lib>gc</forced_lib>
<forced_lib>gi</forced_lib>
<forced_lib>hashlib</forced_lib>
<forced_lib>imageop</forced_lib>
<forced_lib>imp</forced_lib>
<forced_lib>itertools</forced_lib>
<forced_lib>marshal</forced_lib>
<forced_lib>math</forced_lib>
<forced_lib>mmap</forced_lib>
<forced_lib>mock</forced_lib>
<forced_lib>msvcrt</forced_lib>
<forced_lib>multiprocessing</forced_lib>
<forced_lib>nt</forced_lib>
<forced_lib>numpy</forced_lib>
<forced_lib>operator</forced_lib>
<forced_lib>os</forced_lib>
<forced_lib>os.path</forced_lib>
<forced_lib>parser</forced_lib>
<forced_lib>pytest</forced_lib>
<forced_lib>scipy</forced_lib>
<forced_lib>signal</forced_lib>
<forced_lib>socket</forced_lib>
<forced_lib>ssl</forced_lib>
<forced_lib>strop</forced_lib>
<forced_lib>sys</forced_lib>
<forced_lib>thread</forced_lib>
<forced_lib>time</forced_lib>
<forced_lib>winreg</forced_lib>
<forced_lib>wx</forced_lib>
<forced_lib>wxPython</forced_lib>
<forced_lib>xxsubtype</forced_lib>
<forced_lib>zipimport</forced_lib>
<forced_lib>zlib</forced_lib>
</xml>

!STACK 0
java.lang.RuntimeException: Information about process of adding new interpreter:
- Opening dialog to request executable (or jar).
- Chosen interpreter (name and file):'Tuple [Python -- C:\Python36\python.exe]
- Ok, file is non-null. Getting info on:C:\Python36\python.exe
- Beggining task:Getting libs totalWork:100
- Setting task name:Mounting executable string...
- Setting task name:Executing:  C:\Python36\python.exe -u "C:\Program Files\Brainwy\LiClipse 3.3.0\plugins\org.python.pydev_5.4.0.201611281405\pysrc\interpreterInfo.py"
- Setting task name:Making pythonpath environment... C:\Python36\python.exe -u "C:\Program Files\Brainwy\LiClipse 3.3.0\plugins\org.python.pydev_5.4.0.201611281405\pysrc\interpreterInfo.py"
- Setting task name:Making exec... C:\Python36\python.exe -u "C:\Program Files\Brainwy\LiClipse 3.3.0\plugins\org.python.pydev_5.4.0.201611281405\pysrc\interpreterInfo.py"
- Setting task name:Reading output...
- Setting task name:Waiting for process to finish.
- Success getting the info. Result:<xml>
<name>Python</name>
<version>3.6</version>
<executable>C:\Python36\python.exe</executable>
<lib>C:\Python36\DLLs</lib>
<lib>C:\Python36\lib</lib>
<lib>C:\Python36</lib>
<lib>C:\Python36\lib\site-packages</lib>
<forced_lib>Image</forced_lib>
<forced_lib>OpenGL</forced_lib>
<forced_lib>_ast</forced_lib>
<forced_lib>_bisect</forced_lib>
<forced_lib>_blake2</forced_lib>
<forced_lib>_bytesio</forced_lib>
<forced_lib>_codecs</forced_lib>
<forced_lib>_codecs_cn</forced_lib>
<forced_lib>_codecs_hk</forced_lib>
<forced_lib>_codecs_iso2022</forced_lib>
<forced_lib>_codecs_jp</forced_lib>
<forced_lib>_codecs_kr</forced_lib>
<forced_lib>_codecs_tw</forced_lib>
<forced_lib>_collections</forced_lib>
<forced_lib>_csv</forced_lib>
<forced_lib>_datetime</forced_lib>
<forced_lib>_fileio</forced_lib>
<forced_lib>_functools</forced_lib>
<forced_lib>_heapq</forced_lib>
<forced_lib>_hotshot</forced_lib>
<forced_lib>_imp</forced_lib>
<forced_lib>_io</forced_lib>
<forced_lib>_json</forced_lib>
<forced_lib>_locale</forced_lib>
<forced_lib>_lsprof</forced_lib>
<forced_lib>_md5</forced_lib>
<forced_lib>_multibytecodec</forced_lib>
<forced_lib>_opcode</forced_lib>
<forced_lib>_operator</forced_lib>
<forced_lib>_pickle</forced_lib>
<forced_lib>_random</forced_lib>
<forced_lib>_sha</forced_lib>
<forced_lib>_sha1</forced_lib>
<forced_lib>_sha256</forced_lib>
<forced_lib>_sha3</forced_lib>
<forced_lib>_sha512</forced_lib>
<forced_lib>_signal</forced_lib>
<forced_lib>_sre</forced_lib>
<forced_lib>_stat</forced_lib>
<forced_lib>_string</forced_lib>
<forced_lib>_struct</forced_lib>
<forced_lib>_subprocess</forced_lib>
<forced_lib>_symtable</forced_lib>
<forced_lib>_thread</forced_lib>
<forced_lib>_tracemalloc</forced_lib>
<forced_lib>_warnings</forced_lib>
<forced_lib>_weakref</forced_lib>
<forced_lib>_winapi</forced_lib>
<forced_lib>_winreg</forced_lib>
<forced_lib>array</forced_lib>
<forced_lib>atexit</forced_lib>
<forced_lib>audioop</forced_lib>
<forced_lib>binascii</forced_lib>
<forced_lib>builtins</forced_lib>
<forced_lib>cPickle</forced_lib>
<forced_lib>cStringIO</forced_lib>
<forced_lib>cmath</forced_lib>
<forced_lib>datetime</forced_lib>
<forced_lib>email</forced_lib>
<forced_lib>errno</forced_lib>
<forced_lib>exceptions</forced_lib>
<forced_lib>faulthandler</forced_lib>
<forced_lib>future_builtins</forced_lib>
<forced_lib>gc</forced_lib>
<forced_lib>gi</forced_lib>
<forced_lib>hashlib</forced_lib>
<forced_lib>imageop</forced_lib>
<forced_lib>imp</forced_lib>
<forced_lib>itertools</forced_lib>
<forced_lib>marshal</forced_lib>
<forced_lib>math</forced_lib>
<forced_lib>mmap</forced_lib>
<forced_lib>mock</forced_lib>
<forced_lib>msvcrt</forced_lib>
<forced_lib>multiprocessing</forced_lib>
<forced_lib>nt</forced_lib>
<forced_lib>numpy</forced_lib>
<forced_lib>operator</forced_lib>
<forced_lib>os</forced_lib>
<forced_lib>os.path</forced_lib>
<forced_lib>parser</forced_lib>
<forced_lib>pytest</forced_lib>
<forced_lib>scipy</forced_lib>
<forced_lib>signal</forced_lib>
<forced_lib>socket</forced_lib>
<forced_lib>ssl</forced_lib>
<forced_lib>strop</forced_lib>
<forced_lib>sys</forced_lib>
<forced_lib>thread</forced_lib>
<forced_lib>time</forced_lib>
<forced_lib>winreg</forced_lib>
<forced_lib>wx</forced_lib>
<forced_lib>wxPython</forced_lib>
<forced_lib>xxsubtype</forced_lib>
<forced_lib>zipimport</forced_lib>
<forced_lib>zlib</forced_lib>
</xml>

	at org.python.pydev.core.log.Log.logInfo(Log.java:66)
	at org.python.pydev.ui.pythonpathconf.AbstractInterpreterEditor.getNewInputObject(AbstractInterpreterEditor.java:990)
	at org.python.copiedfromeclipsesrc.PythonListEditor.addPressed(PythonListEditor.java:132)
	at org.python.copiedfromeclipsesrc.PythonListEditor$1.widgetSelected(PythonListEditor.java:225)
	at org.eclipse.swt.widgets.TypedListener.handleEvent(TypedListener.java:249)
	at org.eclipse.swt.widgets.EventTable.sendEvent(EventTable.java:84)
	at org.eclipse.swt.widgets.Display.sendEvent(Display.java:4410)
	at org.eclipse.swt.widgets.Widget.sendEvent(Widget.java:1079)
	at org.eclipse.swt.widgets.Display.runDeferredEvents(Display.java:4228)
	at org.eclipse.swt.widgets.Display.readAndDispatch(Display.java:3816)
	at org.eclipse.jface.window.Window.runEventLoop(Window.java:818)
	at org.eclipse.jface.window.Window.open(Window.java:794)
	at org.eclipse.ui.internal.dialogs.WorkbenchPreferenceDialog.open(WorkbenchPreferenceDialog.java:211)
	at org.eclipse.ui.internal.OpenPreferencesAction.run(OpenPreferencesAction.java:63)
	at org.eclipse.jface.action.Action.runWithEvent(Action.java:473)
	at org.eclipse.jface.action.ActionContributionItem.handleWidgetSelection(ActionContributionItem.java:565)
	at org.eclipse.jface.action.ActionContributionItem.lambda$4(ActionContributionItem.java:397)
	at org.eclipse.swt.widgets.EventTable.sendEvent(EventTable.java:84)
	at org.eclipse.swt.widgets.Display.sendEvent(Display.java:4410)
	at org.eclipse.swt.widgets.Widget.sendEvent(Widget.java:1079)
	at org.eclipse.swt.widgets.Display.runDeferredEvents(Display.java:4228)
	at org.eclipse.swt.widgets.Display.readAndDispatch(Display.java:3816)
	at org.eclipse.e4.ui.internal.workbench.swt.PartRenderingEngine$4.run(PartRenderingEngine.java:1121)
	at org.eclipse.core.databinding.observable.Realm.runWithDefault(Realm.java:336)
	at org.eclipse.e4.ui.internal.workbench.swt.PartRenderingEngine.run(PartRenderingEngine.java:1022)
	at org.eclipse.e4.ui.internal.workbench.E4Workbench.createAndRunUI(E4Workbench.java:150)
	at org.eclipse.ui.internal.Workbench$5.run(Workbench.java:687)
	at org.eclipse.core.databinding.observable.Realm.runWithDefault(Realm.java:336)
	at org.eclipse.ui.internal.Workbench.createAndRunWorkbench(Workbench.java:604)
	at org.eclipse.ui.PlatformUI.createAndRunWorkbench(PlatformUI.java:148)
	at com.brainwy.liclipse.rcp.IDEApplication.start(IDEApplication.java:210)
	at org.eclipse.equinox.internal.app.EclipseAppHandle.run(EclipseAppHandle.java:196)
	at org.eclipse.core.runtime.internal.adaptor.EclipseAppLauncher.runApplication(EclipseAppLauncher.java:134)
	at org.eclipse.core.runtime.internal.adaptor.EclipseAppLauncher.start(EclipseAppLauncher.java:104)
	at org.eclipse.core.runtime.adaptor.EclipseStarter.run(EclipseStarter.java:388)
	at org.eclipse.core.runtime.adaptor.EclipseStarter.run(EclipseStarter.java:243)
	at sun.reflect.NativeMethodAccessorImpl.invoke0(Native Method)
	at sun.reflect.NativeMethodAccessorImpl.invoke(NativeMethodAccessorImpl.java:62)
	at sun.reflect.DelegatingMethodAccessorImpl.invoke(DelegatingMethodAccessorImpl.java:43)
	at java.lang.reflect.Method.invoke(Method.java:498)
	at org.eclipse.equinox.launcher.Main.invokeFramework(Main.java:673)
	at org.eclipse.equinox.launcher.Main.basicRun(Main.java:610)
	at org.eclipse.equinox.launcher.Main.run(Main.java:1519)

!ENTRY org.python.pydev.shared_core 1 1 2017-01-17 15:57:01.865
!MESSAGE Restoring info for: C:\Python36\python.exe
!STACK 0
java.lang.RuntimeException: Restoring info for: C:\Python36\python.exe
	at org.python.pydev.ui.interpreters.AbstractInterpreterManager.getInterpretersFromPersistedString(AbstractInterpreterManager.java:529)
	at org.python.pydev.ui.interpreters.AbstractInterpreterManager.internalRecreateCacheGetInterpreterInfos(AbstractInterpreterManager.java:345)
	at org.python.pydev.ui.interpreters.AbstractInterpreterManager.setInfos(AbstractInterpreterManager.java:655)
	at org.python.pydev.ui.pythonpathconf.AbstractInterpreterPreferencesPage$5.run(AbstractInterpreterPreferencesPage.java:282)
	at org.eclipse.jface.operation.ModalContext$ModalContextThread.run(ModalContext.java:119)
Caused by: java.io.IOException: Expecting: C:\Users\Lucas Felipe Alves\Desktop\Python - Pesquisa\LiClipse Workspace\.metadata\.plugins\org.python.pydev\v1_4405ns3bgak0sps4zplk9j97o\modulesKeys to exist (and be a file).
	at org.python.pydev.editor.codecompletion.revisited.ModulesManager.loadFromFile(ModulesManager.java:293)
	at org.python.pydev.editor.codecompletion.revisited.SystemModulesManager.load(SystemModulesManager.java:397)
	at org.python.pydev.ui.interpreters.AbstractInterpreterManager.getInterpretersFromPersistedString(AbstractInterpreterManager.java:527)
	... 4 more

!ENTRY org.python.pydev.shared_core 1 1 2017-01-17 15:57:02.366
!MESSAGE Finished restoring information for: C:\Python36\python.exe at: C:\Users\Lucas Felipe Alves\Desktop\Python - Pesquisa\LiClipse Workspace\.metadata\.plugins\org.python.pydev\v1_4405ns3bgak0sps4zplk9j97o
!STACK 0
java.lang.RuntimeException: Finished restoring information for: C:\Python36\python.exe at: C:\Users\Lucas Felipe Alves\Desktop\Python - Pesquisa\LiClipse Workspace\.metadata\.plugins\org.python.pydev\v1_4405ns3bgak0sps4zplk9j97o
	at org.python.pydev.core.log.Log.logInfo(Log.java:66)
	at org.python.pydev.ui.interpreters.AbstractInterpreterManager.getInterpretersFromPersistedString(AbstractInterpreterManager.java:574)
	at org.python.pydev.ui.interpreters.AbstractInterpreterManager.internalRecreateCacheGetInterpreterInfos(AbstractInterpreterManager.java:345)
	at org.python.pydev.ui.interpreters.AbstractInterpreterManager.setInfos(AbstractInterpreterManager.java:655)
	at org.python.pydev.ui.pythonpathconf.AbstractInterpreterPreferencesPage$5.run(AbstractInterpreterPreferencesPage.java:282)
	at org.eclipse.jface.operation.ModalContext$ModalContextThread.run(ModalContext.java:119)

!ENTRY org.python.pydev.shared_core 4 4 2017-01-17 15:57:02.768
!MESSAGE Info: Rebuilding internal caches: C:\Users\Lucas Felipe Alves\Desktop\Python - Pesquisa\LiClipse Workspace\.metadata\.plugins\com.python.pydev.analysis\python_v1_4405ns3bgak0sps4zplk9j97o\python.pydevsysteminfo (Expected error to be provided and got no error!)

!ENTRY org.python.pydev.shared_core 1 1 2017-01-17 15:58:55.394
!MESSAGE No existing console history at: C:\Users\Lucas Felipe Alves\Desktop\Python - Pesquisa\LiClipse Workspace\.metadata\.plugins\org.python.pydev.shared_interactive_console\history.py
!STACK 0
java.io.FileNotFoundException: C:\Users\Lucas Felipe Alves\Desktop\Python - Pesquisa\LiClipse Workspace\.metadata\.plugins\org.python.pydev.shared_interactive_console\history.py (O sistema não pode encontrar o arquivo especificado)
	at java.io.FileInputStream.open0(Native Method)
	at java.io.FileInputStream.open(FileInputStream.java:195)
	at java.io.FileInputStream.<init>(FileInputStream.java:138)
	at java.io.FileReader.<init>(FileReader.java:72)
	at org.python.pydev.shared_interactive_console.console.ScriptConsoleGlobalHistory.load(ScriptConsoleGlobalHistory.java:96)
	at org.python.pydev.shared_interactive_console.console.ScriptConsoleGlobalHistory.<init>(ScriptConsoleGlobalHistory.java:45)
	at org.python.pydev.shared_interactive_console.console.ScriptConsoleGlobalHistory.<clinit>(ScriptConsoleGlobalHistory.java:37)
	at org.python.pydev.shared_interactive_console.console.ScriptConsoleHistory.<init>(ScriptConsoleHistory.java:56)
	at org.python.pydev.shared_interactive_console.console.ui.ScriptConsole.<init>(ScriptConsole.java:183)
	at org.python.pydev.debug.newconsole.PydevConsole.<init>(PydevConsole.java:84)
	at org.python.pydev.debug.newconsole.PydevConsoleFactory.connectDebugger(PydevConsoleFactory.java:170)
	at org.python.pydev.debug.newconsole.PydevConsoleFactory.access$1(PydevConsoleFactory.java:164)
	at org.python.pydev.debug.newconsole.PydevConsoleFactory$1.run(PydevConsoleFactory.java:94)
	at org.eclipse.core.internal.jobs.Worker.run(Worker.java:55)

!ENTRY org.python.pydev.shared_core 4 4 2017-01-17 16:08:12.379
!MESSAGE Info: Rebuilding internal caches: C:\Users\Lucas Felipe Alves\Desktop\Python - Pesquisa\LiClipse Workspace\.metadata\.plugins\org.eclipse.core.resources\.projects\teste\com.python.pydev.analysis\AdditionalProjectInterpreterInfo.pydevinfo (Expected error to be provided and got no error!)

!ENTRY org.python.pydev.shared_core 4 4 2017-01-17 16:08:13.366
!MESSAGE Error creating Django project.
settings.py file not created.
Stdout: 
Stderr: 
!STACK 0
java.lang.RuntimeException: Error creating Django project.
settings.py file not created.
Stdout: 
Stderr: 
	at org.python.pydev.django.ui.wizards.project.DjangoProjectWizard.createAndConfigProject(DjangoProjectWizard.java:242)
	at org.python.pydev.ui.wizards.project.PythonProjectWizard$3.execute(PythonProjectWizard.java:189)
	at org.eclipse.ui.actions.WorkspaceModifyOperation.lambda$0(WorkspaceModifyOperation.java:107)
	at org.eclipse.core.internal.resources.Workspace.run(Workspace.java:2240)
	at org.eclipse.core.internal.resources.Workspace.run(Workspace.java:2267)
	at org.eclipse.ui.actions.WorkspaceModifyOperation.run(WorkspaceModifyOperation.java:128)
	at org.eclipse.jface.operation.ModalContext$ModalContextThread.run(ModalContext.java:119)

!ENTRY org.eclipse.equinox.p2.operations 4 0 2017-01-17 17:12:21.047
!MESSAGE Operation details
!SUBENTRY 1 org.eclipse.equinox.p2.director 4 10054 2017-01-17 17:12:21.047
!MESSAGE Cannot complete the install because of a conflicting dependency.
!SUBENTRY 2 org.eclipse.equinox.p2.director 4 0 2017-01-17 17:12:21.047
!MESSAGE Software being installed: Java implementation of Git 4.6.0.201612231935-r (org.eclipse.jgit.feature.group 4.6.0.201612231935-r)
!SUBENTRY 2 org.eclipse.equinox.p2.director 4 0 2017-01-17 17:12:21.047
!MESSAGE Software currently installed: LiClipse 3.3.0.201611281405 (com.brainwy.liclipse.rcp.product 3.3.0.201611281405)
!SUBENTRY 2 org.eclipse.equinox.p2.director 4 1 2017-01-17 17:12:21.047
!MESSAGE Only one of the following can be installed at once: 
!SUBENTRY 3 org.eclipse.equinox.p2.director 4 0 2017-01-17 17:12:21.047
!MESSAGE Java implementation of Git 4.6.0.201612231935-r (org.eclipse.jgit.feature.jar 4.6.0.201612231935-r)
!SUBENTRY 3 org.eclipse.equinox.p2.director 4 0 2017-01-17 17:12:21.047
!MESSAGE Java implementation of Git 4.5.0.201609210915-r (org.eclipse.jgit.feature.jar 4.5.0.201609210915-r)
!SUBENTRY 2 org.eclipse.equinox.p2.director 4 1 2017-01-17 17:12:21.048
!MESSAGE Cannot satisfy dependency:
!SUBENTRY 3 org.eclipse.equinox.p2.director 4 0 2017-01-17 17:12:21.048
!MESSAGE From: LiClipse 3.3.0.201611281405 (com.brainwy.liclipse.rcp.product 3.3.0.201611281405)
!SUBENTRY 3 org.eclipse.equinox.p2.director 4 0 2017-01-17 17:12:21.048
!MESSAGE To: org.eclipse.jgit.feature.group [4.5.0.201609210915-r]
!SUBENTRY 2 org.eclipse.equinox.p2.director 4 1 2017-01-17 17:12:21.048
!MESSAGE Cannot satisfy dependency:
!SUBENTRY 3 org.eclipse.equinox.p2.director 4 0 2017-01-17 17:12:21.048
!MESSAGE From: Java implementation of Git 4.5.0.201609210915-r (org.eclipse.jgit.feature.group 4.5.0.201609210915-r)
!SUBENTRY 3 org.eclipse.equinox.p2.director 4 0 2017-01-17 17:12:21.048
!MESSAGE To: org.eclipse.jgit.feature.jar [4.5.0.201609210915-r]
!SUBENTRY 2 org.eclipse.equinox.p2.director 4 1 2017-01-17 17:12:21.048
!MESSAGE Cannot satisfy dependency:
!SUBENTRY 3 org.eclipse.equinox.p2.director 4 0 2017-01-17 17:12:21.048
!MESSAGE From: Java implementation of Git 4.6.0.201612231935-r (org.eclipse.jgit.feature.group 4.6.0.201612231935-r)
!SUBENTRY 3 org.eclipse.equinox.p2.director 4 0 2017-01-17 17:12:21.048
!MESSAGE To: org.eclipse.jgit.feature.jar [4.6.0.201612231935-r]

!ENTRY org.eclipse.equinox.p2.operations 4 0 2017-01-17 17:12:21.072
!MESSAGE Operation details
!SUBENTRY 1 org.eclipse.equinox.p2.director 4 10054 2017-01-17 17:12:21.072
!MESSAGE Cannot complete the install because of a conflicting dependency.
!SUBENTRY 2 org.eclipse.equinox.p2.director 4 0 2017-01-17 17:12:21.072
!MESSAGE Software being installed: Java implementation of Git 4.6.0.201612231935-r (org.eclipse.jgit.feature.group 4.6.0.201612231935-r)
!SUBENTRY 2 org.eclipse.equinox.p2.director 4 0 2017-01-17 17:12:21.072
!MESSAGE Software currently installed: LiClipse 3.3.0.201611281405 (com.brainwy.liclipse.rcp.product 3.3.0.201611281405)
!SUBENTRY 2 org.eclipse.equinox.p2.director 4 1 2017-01-17 17:12:21.072
!MESSAGE Only one of the following can be installed at once: 
!SUBENTRY 3 org.eclipse.equinox.p2.director 4 0 2017-01-17 17:12:21.072
!MESSAGE Java implementation of Git 4.6.0.201612231935-r (org.eclipse.jgit.feature.jar 4.6.0.201612231935-r)
!SUBENTRY 3 org.eclipse.equinox.p2.director 4 0 2017-01-17 17:12:21.072
!MESSAGE Java implementation of Git 4.5.0.201609210915-r (org.eclipse.jgit.feature.jar 4.5.0.201609210915-r)
!SUBENTRY 2 org.eclipse.equinox.p2.director 4 1 2017-01-17 17:12:21.072
!MESSAGE Cannot satisfy dependency:
!SUBENTRY 3 org.eclipse.equinox.p2.director 4 0 2017-01-17 17:12:21.072
!MESSAGE From: LiClipse 3.3.0.201611281405 (com.brainwy.liclipse.rcp.product 3.3.0.201611281405)
!SUBENTRY 3 org.eclipse.equinox.p2.director 4 0 2017-01-17 17:12:21.072
!MESSAGE To: org.eclipse.jgit.feature.group [4.5.0.201609210915-r]
!SUBENTRY 2 org.eclipse.equinox.p2.director 4 1 2017-01-17 17:12:21.072
!MESSAGE Cannot satisfy dependency:
!SUBENTRY 3 org.eclipse.equinox.p2.director 4 0 2017-01-17 17:12:21.072
!MESSAGE From: Java implementation of Git 4.5.0.201609210915-r (org.eclipse.jgit.feature.group 4.5.0.201609210915-r)
!SUBENTRY 3 org.eclipse.equinox.p2.director 4 0 2017-01-17 17:12:21.073
!MESSAGE To: org.eclipse.jgit.feature.jar [4.5.0.201609210915-r]
!SUBENTRY 2 org.eclipse.equinox.p2.director 4 1 2017-01-17 17:12:21.073
!MESSAGE Cannot satisfy dependency:
!SUBENTRY 3 org.eclipse.equinox.p2.director 4 0 2017-01-17 17:12:21.073
!MESSAGE From: Java implementation of Git 4.6.0.201612231935-r (org.eclipse.jgit.feature.group 4.6.0.201612231935-r)
!SUBENTRY 3 org.eclipse.equinox.p2.director 4 0 2017-01-17 17:12:21.073
!MESSAGE To: org.eclipse.jgit.feature.jar [4.6.0.201612231935-r]

!ENTRY org.eclipse.equinox.p2.operations 4 0 2017-01-17 17:12:21.119
!MESSAGE Operation details
!SUBENTRY 1 org.eclipse.equinox.p2.director 4 10054 2017-01-17 17:12:21.119
!MESSAGE Cannot complete the install because of a conflicting dependency.
!SUBENTRY 2 org.eclipse.equinox.p2.director 4 0 2017-01-17 17:12:21.119
!MESSAGE Software being installed: Java implementation of Git 4.6.0.201612231935-r (org.eclipse.jgit.feature.group 4.6.0.201612231935-r)
!SUBENTRY 2 org.eclipse.equinox.p2.director 4 0 2017-01-17 17:12:21.119
!MESSAGE Software currently installed: LiClipse 3.3.0.201611281405 (com.brainwy.liclipse.rcp.product 3.3.0.201611281405)
!SUBENTRY 2 org.eclipse.equinox.p2.director 4 1 2017-01-17 17:12:21.119
!MESSAGE Only one of the following can be installed at once: 
!SUBENTRY 3 org.eclipse.equinox.p2.director 4 0 2017-01-17 17:12:21.119
!MESSAGE Java implementation of Git 4.6.0.201612231935-r (org.eclipse.jgit.feature.jar 4.6.0.201612231935-r)
!SUBENTRY 3 org.eclipse.equinox.p2.director 4 0 2017-01-17 17:12:21.119
!MESSAGE Java implementation of Git 4.5.0.201609210915-r (org.eclipse.jgit.feature.jar 4.5.0.201609210915-r)
!SUBENTRY 2 org.eclipse.equinox.p2.director 4 1 2017-01-17 17:12:21.119
!MESSAGE Cannot satisfy dependency:
!SUBENTRY 3 org.eclipse.equinox.p2.director 4 0 2017-01-17 17:12:21.119
!MESSAGE From: LiClipse 3.3.0.201611281405 (com.brainwy.liclipse.rcp.product 3.3.0.201611281405)
!SUBENTRY 3 org.eclipse.equinox.p2.director 4 0 2017-01-17 17:12:21.119
!MESSAGE To: org.eclipse.jgit.feature.group [4.5.0.201609210915-r]
!SUBENTRY 2 org.eclipse.equinox.p2.director 4 1 2017-01-17 17:12:21.119
!MESSAGE Cannot satisfy dependency:
!SUBENTRY 3 org.eclipse.equinox.p2.director 4 0 2017-01-17 17:12:21.119
!MESSAGE From: Java implementation of Git 4.5.0.201609210915-r (org.eclipse.jgit.feature.group 4.5.0.201609210915-r)
!SUBENTRY 3 org.eclipse.equinox.p2.director 4 0 2017-01-17 17:12:21.119
!MESSAGE To: org.eclipse.jgit.feature.jar [4.5.0.201609210915-r]
!SUBENTRY 2 org.eclipse.equinox.p2.director 4 1 2017-01-17 17:12:21.119
!MESSAGE Cannot satisfy dependency:
!SUBENTRY 3 org.eclipse.equinox.p2.director 4 0 2017-01-17 17:12:21.119
!MESSAGE From: Java implementation of Git 4.6.0.201612231935-r (org.eclipse.jgit.feature.group 4.6.0.201612231935-r)
!SUBENTRY 3 org.eclipse.equinox.p2.director 4 0 2017-01-17 17:12:21.119
!MESSAGE To: org.eclipse.jgit.feature.jar [4.6.0.201612231935-r]

!ENTRY org.eclipse.equinox.p2.operations 4 0 2017-01-17 17:12:21.120
!MESSAGE Operation details
!SUBENTRY 1 org.eclipse.equinox.p2.director 4 10054 2017-01-17 17:12:21.120
!MESSAGE Cannot complete the install because of a conflicting dependency.
!SUBENTRY 2 org.eclipse.equinox.p2.director 4 0 2017-01-17 17:12:21.120
!MESSAGE Software being installed: Java implementation of Git 4.6.0.201612231935-r (org.eclipse.jgit.feature.group 4.6.0.201612231935-r)
!SUBENTRY 2 org.eclipse.equinox.p2.director 4 0 2017-01-17 17:12:21.120
!MESSAGE Software currently installed: LiClipse 3.3.0.201611281405 (com.brainwy.liclipse.rcp.product 3.3.0.201611281405)
!SUBENTRY 2 org.eclipse.equinox.p2.director 4 1 2017-01-17 17:12:21.120
!MESSAGE Only one of the following can be installed at once: 
!SUBENTRY 3 org.eclipse.equinox.p2.director 4 0 2017-01-17 17:12:21.120
!MESSAGE Java implementation of Git 4.6.0.201612231935-r (org.eclipse.jgit.feature.jar 4.6.0.201612231935-r)
!SUBENTRY 3 org.eclipse.equinox.p2.director 4 0 2017-01-17 17:12:21.120
!MESSAGE Java implementation of Git 4.5.0.201609210915-r (org.eclipse.jgit.feature.jar 4.5.0.201609210915-r)
!SUBENTRY 2 org.eclipse.equinox.p2.director 4 1 2017-01-17 17:12:21.120
!MESSAGE Cannot satisfy dependency:
!SUBENTRY 3 org.eclipse.equinox.p2.director 4 0 2017-01-17 17:12:21.120
!MESSAGE From: LiClipse 3.3.0.201611281405 (com.brainwy.liclipse.rcp.product 3.3.0.201611281405)
!SUBENTRY 3 org.eclipse.equinox.p2.director 4 0 2017-01-17 17:12:21.120
!MESSAGE To: org.eclipse.jgit.feature.group [4.5.0.201609210915-r]
!SUBENTRY 2 org.eclipse.equinox.p2.director 4 1 2017-01-17 17:12:21.120
!MESSAGE Cannot satisfy dependency:
!SUBENTRY 3 org.eclipse.equinox.p2.director 4 0 2017-01-17 17:12:21.120
!MESSAGE From: Java implementation of Git 4.5.0.201609210915-r (org.eclipse.jgit.feature.group 4.5.0.201609210915-r)
!SUBENTRY 3 org.eclipse.equinox.p2.director 4 0 2017-01-17 17:12:21.120
!MESSAGE To: org.eclipse.jgit.feature.jar [4.5.0.201609210915-r]
!SUBENTRY 2 org.eclipse.equinox.p2.director 4 1 2017-01-17 17:12:21.120
!MESSAGE Cannot satisfy dependency:
!SUBENTRY 3 org.eclipse.equinox.p2.director 4 0 2017-01-17 17:12:21.120
!MESSAGE From: Java implementation of Git 4.6.0.201612231935-r (org.eclipse.jgit.feature.group 4.6.0.201612231935-r)
!SUBENTRY 3 org.eclipse.equinox.p2.director 4 0 2017-01-17 17:12:21.120
!MESSAGE To: org.eclipse.jgit.feature.jar [4.6.0.201612231935-r]

!ENTRY org.python.pydev.shared_core 1 1 2017-01-17 17:17:01.220
!MESSAGE Not saving ast manager for: P/ProjetoTeste. No write area available.
!SESSION 2017-01-17 17:17:02.514 -----------------------------------------------
eclipse.buildId=unknown
java.version=1.8.0_77
java.vendor=Oracle Corporation
BootLoader constants: OS=win32, ARCH=x86_64, WS=win32, NL=pt_BR
Command-line arguments:  -os win32 -ws win32 -arch x86_64

!ENTRY org.eclipse.egit.ui 2 0 2017-01-17 17:17:50.859
!MESSAGE Warning: The environment variable HOME is not set. The following directory will be used to store the Git
user global configuration and to define the default location to store repositories: 'C:\Users\Lucas Felipe Alves'. If this is
not correct please set the HOME environment variable and restart Eclipse. Otherwise Git for Windows and
EGit might behave differently since they see different configuration options.
This warning can be switched off on the Team > Git > Confirmations and Warnings preference page.

!ENTRY org.python.pydev.shared_core 4 4 2017-01-17 17:17:55.757
!MESSAGE The python client still hasn't connected back to the eclipse java vm (will retry...)
!STACK 0
java.lang.RuntimeException: The python client still hasn't connected back to the eclipse java vm (will retry...)
	at org.python.pydev.core.log.Log.log(Log.java:54)
	at org.python.pydev.editor.codecompletion.shell.AbstractShell.startIt(AbstractShell.java:334)
	at org.python.pydev.editor.codecompletion.shell.ShellsContainer.getServerShell(ShellsContainer.java:232)
	at org.python.pydev.editor.codecompletion.shell.ShellsContainer.getServerShell(ShellsContainer.java:165)
	at org.python.pydev.editor.codecompletion.shell.AbstractShell.getServerShell(AbstractShell.java:222)
	at org.python.pydev.editor.PyEdit$2.run(PyEdit.java:560)

!ENTRY org.brainwy.liclipsetext.shared_core 4 4 2017-01-17 17:17:55.792
!MESSAGE C:\Program Files\Brainwy\LiClipse 3.3.0\plugins\com.brainwy.liclipse.editor_3.3.0.201611281405\etc\5yz4x6m18oij9anbul5v4g4b9 (O sistema não pode encontrar o caminho especificado)
!STACK 0
java.io.FileNotFoundException: C:\Program Files\Brainwy\LiClipse 3.3.0\plugins\com.brainwy.liclipse.editor_3.3.0.201611281405\etc\5yz4x6m18oij9anbul5v4g4b9 (O sistema não pode encontrar o caminho especificado)
	at java.io.FileOutputStream.open0(Native Method)
	at java.io.FileOutputStream.open(FileOutputStream.java:270)
	at java.io.FileOutputStream.<init>(FileOutputStream.java:213)
	at java.io.FileOutputStream.<init>(FileOutputStream.java:162)
	at org.brainwy.liclipsetext.shared_core.io.FileUtils.writeBytesToFile(FileUtils.java:140)
	at org.brainwy.liclipsetext.shared_core.io.FileUtils.writeStrToFile(FileUtils.java:133)
	at com.brainwy.liclipse.editor.lic.CheckRegistered.run(CheckRegistered.java:145)

!ENTRY org.python.pydev.shared_core 4 4 2017-01-17 17:17:58.018
!MESSAGE Error checking for valid tokens (imports) for teste.PojetoTeste.admin
!STACK 0
org.python.pydev.core.structure.CompletionRecursionException: Stopping analysis: completion took too much time to complete. Max set to: 5000 millis. Current: 5931 millis. Note: this value may be changed in the code-completion preferences.
	at org.python.pydev.editor.codecompletion.revisited.CompletionState.checkMaxTimeForCompletion(CompletionState.java:277)
	at org.python.pydev.editor.codecompletion.revisited.CompletionStateWrapper.checkMaxTimeForCompletion(CompletionStateWrapper.java:93)
	at org.python.pydev.editor.codecompletion.revisited.AbstractASTManager.getAssignCompletions(AbstractASTManager.java:1479)
	at org.python.pydev.editor.codecompletion.revisited.AbstractASTManager.internalGenerateGetCompletionsForModule(AbstractASTManager.java:813)
	at org.python.pydev.editor.codecompletion.revisited.AbstractASTManager.getCompletionsForModule(AbstractASTManager.java:575)
	at org.python.pydev.editor.codecompletion.revisited.AbstractASTManager.getCompletionsForModule(AbstractASTManager.java:544)
	at org.python.pydev.editor.codecompletion.revisited.AbstractASTManager.getCompletionsForModule(AbstractASTManager.java:535)
	at org.python.pydev.editor.codecompletion.revisited.AbstractASTManager.getCompletionsForModule(AbstractASTManager.java:525)
	at org.python.pydev.editor.codecompletion.revisited.AbstractASTManager.internalGenerateGetCompletionsForModule(AbstractASTManager.java:758)
	at org.python.pydev.editor.codecompletion.revisited.AbstractASTManager.getCompletionsForModule(AbstractASTManager.java:575)
	at org.python.pydev.editor.codecompletion.revisited.AbstractASTManager.getCompletionsForModule(AbstractASTManager.java:544)
	at org.python.pydev.editor.codecompletion.revisited.AbstractASTManager.getCompletionsForModule(AbstractASTManager.java:535)
	at org.python.pydev.editor.codecompletion.revisited.AbstractASTManager.getCompletionsForModule(AbstractASTManager.java:525)
	at org.python.pydev.editor.codecompletion.revisited.AbstractASTManager.findTokensOnImportedMods(AbstractASTManager.java:1864)
	at org.python.pydev.editor.codecompletion.revisited.AbstractASTManager.internalGenerateGetCompletionsForModule(AbstractASTManager.java:714)
	at org.python.pydev.editor.codecompletion.revisited.AbstractASTManager.getCompletionsForModule(AbstractASTManager.java:575)
	at org.python.pydev.editor.codecompletion.revisited.AbstractASTManager.getCompletionsForModule(AbstractASTManager.java:544)
	at org.python.pydev.editor.codecompletion.revisited.AbstractASTManager.getCompletionsForModule(AbstractASTManager.java:535)
	at org.python.pydev.editor.codecompletion.revisited.modules.AbstractModule.internalGenerateCachedTokens(AbstractModule.java:217)
	at org.python.pydev.editor.codecompletion.revisited.modules.AbstractModule.getCachedCompletions(AbstractModule.java:188)
	at org.python.pydev.editor.codecompletion.revisited.modules.AbstractModule.isInGlobalTokens(AbstractModule.java:140)
	at com.python.pydev.analysis.scopeanalysis.AbstractScopeAnalyzerVisitor.markRead(AbstractScopeAnalyzerVisitor.java:1203)
	at com.python.pydev.analysis.scopeanalysis.AbstractScopeAnalyzerVisitor.visitAttribute(AbstractScopeAnalyzerVisitor.java:719)
	at org.python.pydev.parser.jython.ast.Attribute.accept(Attribute.java:87)
	at com.python.pydev.analysis.scopeanalysis.AbstractScopeAnalyzerVisitor.onVisitCallFunc(AbstractScopeAnalyzerVisitor.java:228)
	at com.python.pydev.analysis.visitors.OccurrencesVisitor.onVisitCallFunc(OccurrencesVisitor.java:547)
	at com.python.pydev.analysis.scopeanalysis.AbstractScopeAnalyzerVisitor.visitCall(AbstractScopeAnalyzerVisitor.java:200)
	at com.python.pydev.analysis.visitors.OccurrencesVisitor.visitCall(OccurrencesVisitor.java:356)
	at org.python.pydev.parser.jython.ast.Call.accept(Call.java:123)
	at org.python.pydev.parser.jython.ast.Expr.traverse(Expr.java:77)
	at com.python.pydev.analysis.scopeanalysis.AbstractScopeAnalyzerVisitor.traverse(AbstractScopeAnalyzerVisitor.java:194)
	at com.python.pydev.analysis.visitors.OccurrencesVisitor.traverse(OccurrencesVisitor.java:393)
	at org.python.pydev.parser.jython.ast.VisitorBase.visitExpr(VisitorBase.java:166)
	at org.python.pydev.parser.jython.ast.Expr.accept(Expr.java:71)
	at org.python.pydev.parser.jython.ast.Module.traverse(Module.java:87)
	at com.python.pydev.analysis.scopeanalysis.AbstractScopeAnalyzerVisitor.traverse(AbstractScopeAnalyzerVisitor.java:194)
	at com.python.pydev.analysis.visitors.OccurrencesVisitor.traverse(OccurrencesVisitor.java:393)
	at org.python.pydev.parser.jython.ast.VisitorBase.visitModule(VisitorBase.java:10)
	at org.python.pydev.parser.jython.ast.Module.accept(Module.java:79)
	at com.python.pydev.analysis.OccurrencesAnalyzer.analyzeDocument(OccurrencesAnalyzer.java:56)
	at com.python.pydev.analysis.builder.AnalysisBuilderRunnable.doAnalysis(AnalysisBuilderRunnable.java:251)
	at com.python.pydev.analysis.builder.AbstractAnalysisBuilderRunnable.run(AbstractAnalysisBuilderRunnable.java:162)
	at org.python.pydev.core.concurrency.RunnableAsJobsPoolThread$1.run(RunnableAsJobsPoolThread.java:140)
	at org.eclipse.core.internal.jobs.Worker.run(Worker.java:55)
